Time=675, Entrada=x             4718592, RGU Inverse square=x               21847
Time=745, Entrada=x              131072, RGU Inverse square=x              131072
Time=815, Entrada=x             1179648, RGU Inverse square=x               43690
Time=885, Entrada=x            12976128, RGU Inverse square=x               13177
Time=955, Entrada=x             1703936, RGU Inverse square=x               36352
Time=1025, Entrada=x             1703936, RGU Inverse square=x               36352
Time=1095, Entrada=x            13238272, RGU Inverse square=x               13045
Time=1165, Entrada=x             2359296, RGU Inverse square=x               30894
Time=1235, Entrada=x              131072, RGU Inverse square=x              131072
Time=1305, Entrada=x             1703936, RGU Inverse square=x               36352
Time=1375, Entrada=x            15466496, RGU Inverse square=x               12070
Time=1445, Entrada=x             7995392, RGU Inverse square=x               16784
Time=1515, Entrada=x            14286848, RGU Inverse square=x               12556
Time=1585, Entrada=x             1572864, RGU Inverse square=x               37838
Time=1655, Entrada=x            15859712, RGU Inverse square=x               11916
Time=1725, Entrada=x             9175040, RGU Inverse square=x               15667
Time=1795, Entrada=x             9043968, RGU Inverse square=x               15781
Time=1865, Entrada=x             5505024, RGU Inverse square=x               20226
Time=1935, Entrada=x            13238272, RGU Inverse square=x               13045
Time=2005, Entrada=x            15597568, RGU Inverse square=x               12017
Time=2075, Entrada=x             2359296, RGU Inverse square=x               30894
Time=2145, Entrada=x             1966080, RGU Inverse square=x               33844
Time=2215, Entrada=x            14942208, RGU Inverse square=x               12280
Time=2285, Entrada=x            10223616, RGU Inverse square=x               14841
Time=2355, Entrada=x            13631488, RGU Inverse square=x               12853
Time=2425, Entrada=x             9043968, RGU Inverse square=x               15781
Time=2495, Entrada=x            12058624, RGU Inverse square=x               13668
Time=2565, Entrada=x             7995392, RGU Inverse square=x               16784
Time=2635, Entrada=x             5898240, RGU Inverse square=x               19541
Time=2705, Entrada=x            13238272, RGU Inverse square=x               13045
Time=2775, Entrada=x            12976128, RGU Inverse square=x               13177
Time=2845, Entrada=x             1310720, RGU Inverse square=x               41449
Time=2915, Entrada=x                   0, RGU Inverse square=x               77871
Time=2985, Entrada=x             4194304, RGU Inverse square=x               23172
Time=3055, Entrada=x             5505024, RGU Inverse square=x               20226
Time=3125, Entrada=x             3801088, RGU Inverse square=x               24340
Time=3195, Entrada=x             2883584, RGU Inverse square=x               27945
Time=3265, Entrada=x             2490368, RGU Inverse square=x               30070
Time=3335, Entrada=x             1703936, RGU Inverse square=x               36352
Time=3405, Entrada=x            10878976, RGU Inverse square=x               14387
Time=3475, Entrada=x            14024704, RGU Inverse square=x               12676
Time=3545, Entrada=x            11141120, RGU Inverse square=x               14220
Time=3615, Entrada=x              262144, RGU Inverse square=x               92682
Time=3685, Entrada=x             6029312, RGU Inverse square=x               19326
Time=3755, Entrada=x             3801088, RGU Inverse square=x               24340
Time=3825, Entrada=x            10354688, RGU Inverse square=x               14751
Time=3895, Entrada=x             4587520, RGU Inverse square=x               22157
Time=3965, Entrada=x             1310720, RGU Inverse square=x               41449
Time=4035, Entrada=x             9699328, RGU Inverse square=x               15237
Time=4105, Entrada=x             7864320, RGU Inverse square=x               16923
Time=4175, Entrada=x            14942208, RGU Inverse square=x               12280
Time=4245, Entrada=x             1310720, RGU Inverse square=x               41449
Time=4315, Entrada=x             8519680, RGU Inverse square=x               16258
Time=4385, Entrada=x            11534336, RGU Inverse square=x               13974
Time=4455, Entrada=x            15728640, RGU Inverse square=x               11966
Time=4525, Entrada=x             1179648, RGU Inverse square=x               43690
Time=4595, Entrada=x            14024704, RGU Inverse square=x               12676
Time=4665, Entrada=x             7077888, RGU Inverse square=x               17836
Time=4735, Entrada=x             9175040, RGU Inverse square=x               15667
Time=4805, Entrada=x             6029312, RGU Inverse square=x               19326
Time=4875, Entrada=x             7864320, RGU Inverse square=x               16923
Time=4945, Entrada=x             5505024, RGU Inverse square=x               20226
Time=5015, Entrada=x             1441792, RGU Inverse square=x               39520
Time=5085, Entrada=x            14811136, RGU Inverse square=x               12334
Time=5155, Entrada=x              655360, RGU Inverse square=x               58617
Time=5225, Entrada=x            10354688, RGU Inverse square=x               14751
Time=5295, Entrada=x             7733248, RGU Inverse square=x               17066
Time=5365, Entrada=x             7602176, RGU Inverse square=x               17213
Time=5435, Entrada=x            16515072, RGU Inverse square=x               11677
Time=5505, Entrada=x             2752512, RGU Inverse square=x               28603
Time=5575, Entrada=x            14811136, RGU Inverse square=x               12334
Time=5645, Entrada=x            11665408, RGU Inverse square=x               13896
Time=5715, Entrada=x            12845056, RGU Inverse square=x               13242
Time=5785, Entrada=x             9961472, RGU Inverse square=x               15036
Time=5855, Entrada=x             4063232, RGU Inverse square=x               23541
Time=5925, Entrada=x             1966080, RGU Inverse square=x               33844
Time=5995, Entrada=x            15728640, RGU Inverse square=x               11966
Time=6065, Entrada=x             7208960, RGU Inverse square=x               17677
Time=6135, Entrada=x             4063232, RGU Inverse square=x               23541
Time=6205, Entrada=x            12058624, RGU Inverse square=x               13668
Time=6275, Entrada=x            11927552, RGU Inverse square=x               13741
Time=6345, Entrada=x             1179648, RGU Inverse square=x               43690
Time=6415, Entrada=x             9568256, RGU Inverse square=x               15342
Time=6485, Entrada=x            10485760, RGU Inverse square=x               14655
Time=6555, Entrada=x            11403264, RGU Inverse square=x               14054
Time=6625, Entrada=x            10616832, RGU Inverse square=x               14563
Time=6695, Entrada=x             2883584, RGU Inverse square=x               27945
Time=6765, Entrada=x             1572864, RGU Inverse square=x               37838
Time=6835, Entrada=x             8650752, RGU Inverse square=x               16136
Time=6905, Entrada=x             9437184, RGU Inverse square=x               15447
Time=6975, Entrada=x            15597568, RGU Inverse square=x               12017
Time=7045, Entrada=x             7995392, RGU Inverse square=x               16784
Time=7115, Entrada=x             2359296, RGU Inverse square=x               30894
Time=7185, Entrada=x            16515072, RGU Inverse square=x               11677
Time=7255, Entrada=x            14286848, RGU Inverse square=x               12556
Time=7325, Entrada=x             7471104, RGU Inverse square=x               17361
Time=7395, Entrada=x             4063232, RGU Inverse square=x               23541
Time=7465, Entrada=x            10878976, RGU Inverse square=x               14387
Time=7535, Entrada=x              655360, RGU Inverse square=x               58617
Time=7605, Entrada=x            15728640, RGU Inverse square=x               11966
Time=7675, Entrada=x            11927552, RGU Inverse square=x               13741
Time=7745, Entrada=x             9568256, RGU Inverse square=x               15342
Time=7815, Entrada=x             8257536, RGU Inverse square=x               16515
Time=7885, Entrada=x             5505024, RGU Inverse square=x               20226
Time=7955, Entrada=x            11534336, RGU Inverse square=x               13974
Time=8025, Entrada=x              786432, RGU Inverse square=x               53510
Time=8095, Entrada=x             1835008, RGU Inverse square=x               35030
Time=8165, Entrada=x             3670016, RGU Inverse square=x               24770
Time=8235, Entrada=x            15990784, RGU Inverse square=x               11867
Time=8305, Entrada=x             4980736, RGU Inverse square=x               21262
Time=8375, Entrada=x            15073280, RGU Inverse square=x               12226
Time=8445, Entrada=x             4587520, RGU Inverse square=x               22157
Time=8515, Entrada=x             6160384, RGU Inverse square=x               19120
Time=8585, Entrada=x             6684672, RGU Inverse square=x               18356
Time=8655, Entrada=x            12451840, RGU Inverse square=x               13450
Time=8725, Entrada=x             8912896, RGU Inverse square=x               15896
Time=8795, Entrada=x            15597568, RGU Inverse square=x               12017
Time=8865, Entrada=x             9830400, RGU Inverse square=x               15136
Time=8935, Entrada=x            13369344, RGU Inverse square=x               12978
Time=9005, Entrada=x            11796480, RGU Inverse square=x               13817
Time=9075, Entrada=x             5373952, RGU Inverse square=x               20472
Time=9145, Entrada=x            14286848, RGU Inverse square=x               12556
Time=9215, Entrada=x            11796480, RGU Inverse square=x               13817
Time=9285, Entrada=x            13238272, RGU Inverse square=x               13045
Time=9355, Entrada=x             6946816, RGU Inverse square=x               18004
Time=9425, Entrada=x            12451840, RGU Inverse square=x               13450
Time=9495, Entrada=x            15859712, RGU Inverse square=x               11916
Time=9565, Entrada=x             8912896, RGU Inverse square=x               15896
Time=9635, Entrada=x            10485760, RGU Inverse square=x               14655
Time=9705, Entrada=x             5505024, RGU Inverse square=x               20226
Time=9775, Entrada=x             5636096, RGU Inverse square=x               19988
Time=9845, Entrada=x             1835008, RGU Inverse square=x               35030
Time=9915, Entrada=x            12058624, RGU Inverse square=x               13668
Time=9985, Entrada=x             3407872, RGU Inverse square=x               25705
Time=10055, Entrada=x            16384000, RGU Inverse square=x               11726
Time=10125, Entrada=x             8781824, RGU Inverse square=x               16013
Time=10195, Entrada=x            11272192, RGU Inverse square=x               14138
Time=10265, Entrada=x            10223616, RGU Inverse square=x               14841
Time=10335, Entrada=x            13500416, RGU Inverse square=x               12916
Time=10405, Entrada=x             1310720, RGU Inverse square=x               41449
Time=10475, Entrada=x             7077888, RGU Inverse square=x               17836
Time=10545, Entrada=x             7340032, RGU Inverse square=x               17517
Time=10615, Entrada=x            15859712, RGU Inverse square=x               11916
Time=10685, Entrada=x             7340032, RGU Inverse square=x               17517
Time=10755, Entrada=x             2621440, RGU Inverse square=x               29309
Time=10825, Entrada=x             2490368, RGU Inverse square=x               30070
Time=10895, Entrada=x              524288, RGU Inverse square=x               65536
Time=10965, Entrada=x            11665408, RGU Inverse square=x               13896
Time=11035, Entrada=x            11927552, RGU Inverse square=x               13741
Time=11105, Entrada=x            10092544, RGU Inverse square=x               14938
Time=11175, Entrada=x            11665408, RGU Inverse square=x               13896
Time=11245, Entrada=x            14286848, RGU Inverse square=x               12556
Time=11315, Entrada=x            15466496, RGU Inverse square=x               12070
Time=11385, Entrada=x             9699328, RGU Inverse square=x               15237
Time=11455, Entrada=x             7077888, RGU Inverse square=x               17836
Time=11525, Entrada=x             2752512, RGU Inverse square=x               28603
Time=11595, Entrada=x             9175040, RGU Inverse square=x               15667
Time=11665, Entrada=x              524288, RGU Inverse square=x               65536
Time=11735, Entrada=x            15597568, RGU Inverse square=x               12017
Time=11805, Entrada=x            13762560, RGU Inverse square=x               12792
Time=11875, Entrada=x             6815744, RGU Inverse square=x               18178
Time=11945, Entrada=x             1048576, RGU Inverse square=x               46341
Time=12015, Entrada=x             5242880, RGU Inverse square=x               20726
Time=12085, Entrada=x             5898240, RGU Inverse square=x               19541
Time=12155, Entrada=x             9306112, RGU Inverse square=x               15559
Time=12225, Entrada=x             6029312, RGU Inverse square=x               19326
Time=12295, Entrada=x             1048576, RGU Inverse square=x               46341
Time=12365, Entrada=x             3670016, RGU Inverse square=x               24770
Time=12435, Entrada=x            16384000, RGU Inverse square=x               11726
Time=12505, Entrada=x             5373952, RGU Inverse square=x               20472
Time=12575, Entrada=x             3670016, RGU Inverse square=x               24770
Time=12645, Entrada=x              786432, RGU Inverse square=x               53510
Time=12715, Entrada=x            11796480, RGU Inverse square=x               13817
Time=12785, Entrada=x             7995392, RGU Inverse square=x               16784
Time=12855, Entrada=x            13369344, RGU Inverse square=x               12978
Time=12925, Entrada=x            14680064, RGU Inverse square=x               12386
Time=12995, Entrada=x            15073280, RGU Inverse square=x               12226
Time=13065, Entrada=x             7602176, RGU Inverse square=x               17213
Time=13135, Entrada=x            12320768, RGU Inverse square=x               13520
Time=13205, Entrada=x            15990784, RGU Inverse square=x               11867
Time=13275, Entrada=x            11141120, RGU Inverse square=x               14220
Time=13345, Entrada=x             3407872, RGU Inverse square=x               25705
Time=13415, Entrada=x             7471104, RGU Inverse square=x               17361
Time=13485, Entrada=x             7208960, RGU Inverse square=x               17677
Time=13555, Entrada=x             2883584, RGU Inverse square=x               27945
Time=13625, Entrada=x             8388608, RGU Inverse square=x               16384
Time=13695, Entrada=x             4980736, RGU Inverse square=x               21262
Time=13765, Entrada=x             7077888, RGU Inverse square=x               17836
Time=13835, Entrada=x            16384000, RGU Inverse square=x               11726
Time=13905, Entrada=x            12058624, RGU Inverse square=x               13668
Time=13975, Entrada=x              786432, RGU Inverse square=x               53510
Time=14045, Entrada=x            15728640, RGU Inverse square=x               11966
Time=14115, Entrada=x            16515072, RGU Inverse square=x               11677
Time=14185, Entrada=x            11927552, RGU Inverse square=x               13741
Time=14255, Entrada=x            10354688, RGU Inverse square=x               14751
Time=14325, Entrada=x            15859712, RGU Inverse square=x               11916
Time=14395, Entrada=x            15990784, RGU Inverse square=x               11867
Time=14465, Entrada=x            12713984, RGU Inverse square=x               13309
Time=14535, Entrada=x             3014656, RGU Inverse square=x               27331
Time=14605, Entrada=x             4325376, RGU Inverse square=x               22818
Time=14675, Entrada=x              786432, RGU Inverse square=x               53510
Time=14745, Entrada=x            10485760, RGU Inverse square=x               14655
Time=14815, Entrada=x            15335424, RGU Inverse square=x               12118
Time=14885, Entrada=x             6946816, RGU Inverse square=x               18004
Time=14955, Entrada=x             5373952, RGU Inverse square=x               20472
