Time=725, Entrada=x             4718592, RGU Inverse square=x               21846
Time=845, Entrada=x            16908288, RGU Inverse square=x                6708
Time=965, Entrada=x             1179648, RGU Inverse square=x               43690
Time=1085, Entrada=x            12976128, RGU Inverse square=x               13176
Time=1205, Entrada=x             1703936, RGU Inverse square=x               36352
Time=1325, Entrada=x            18481152, RGU Inverse square=x                6656
Time=1445, Entrada=x            13238272, RGU Inverse square=x               13043
Time=1565, Entrada=x             2359296, RGU Inverse square=x               30895
Time=1685, Entrada=x              131072, RGU Inverse square=x              131072
Time=1805, Entrada=x             1703936, RGU Inverse square=x               36352
Time=1925, Entrada=x            15466496, RGU Inverse square=x               12068
Time=2045, Entrada=x             7995392, RGU Inverse square=x               16782
Time=2165, Entrada=x            31064064, RGU Inverse square=x                6264
Time=2285, Entrada=x            18350080, RGU Inverse square=x                6661
Time=2405, Entrada=x            32636928, RGU Inverse square=x                6217
Time=2525, Entrada=x            25952256, RGU Inverse square=x                6418
Time=2645, Entrada=x            25821184, RGU Inverse square=x                6422
Time=2765, Entrada=x            22282240, RGU Inverse square=x                6533
Time=2885, Entrada=x            30015488, RGU Inverse square=x                6293
Time=3005, Entrada=x            15597568, RGU Inverse square=x               12019
Time=3125, Entrada=x             2359296, RGU Inverse square=x               30895
Time=3245, Entrada=x            18743296, RGU Inverse square=x                6647
Time=3365, Entrada=x            31719424, RGU Inverse square=x                6242
Time=3485, Entrada=x            27000832, RGU Inverse square=x                6388
Time=3605, Entrada=x            30408704, RGU Inverse square=x                6285
Time=3725, Entrada=x            25821184, RGU Inverse square=x                6422
Time=3845, Entrada=x            12058624, RGU Inverse square=x               13666
Time=3965, Entrada=x            24772608, RGU Inverse square=x                6457
Time=4085, Entrada=x             5898240, RGU Inverse square=x               19540
Time=4205, Entrada=x            13238272, RGU Inverse square=x               13043
Time=4325, Entrada=x            12976128, RGU Inverse square=x               13176
Time=4445, Entrada=x             1310720, RGU Inverse square=x               41449
Time=4565, Entrada=x            16777216, RGU Inverse square=x               11590
Time=4685, Entrada=x             4194304, RGU Inverse square=x               23172
Time=4805, Entrada=x            22282240, RGU Inverse square=x                6533
Time=4925, Entrada=x            20578304, RGU Inverse square=x                6588
Time=5045, Entrada=x            19660800, RGU Inverse square=x                6619
Time=5165, Entrada=x             2490368, RGU Inverse square=x               30071
Time=5285, Entrada=x             1703936, RGU Inverse square=x               36352
Time=5405, Entrada=x            10878976, RGU Inverse square=x               14387
Time=5525, Entrada=x            14024704, RGU Inverse square=x               12675
Time=5645, Entrada=x            27918336, RGU Inverse square=x                6358
Time=5765, Entrada=x              262144, RGU Inverse square=x               92682
Time=5885, Entrada=x            22806528, RGU Inverse square=x                6516
Time=6005, Entrada=x             3801088, RGU Inverse square=x               24341
Time=6125, Entrada=x            27131904, RGU Inverse square=x                6384
Time=6245, Entrada=x             4587520, RGU Inverse square=x               22156
Time=6365, Entrada=x             1310720, RGU Inverse square=x               41449
Time=6485, Entrada=x            26476544, RGU Inverse square=x                6402
Time=6605, Entrada=x             7864320, RGU Inverse square=x               16925
Time=6725, Entrada=x            31719424, RGU Inverse square=x                6242
Time=6845, Entrada=x            18087936, RGU Inverse square=x                6670
Time=6965, Entrada=x             8519680, RGU Inverse square=x               16259
Time=7085, Entrada=x            28311552, RGU Inverse square=x                6345
Time=7205, Entrada=x            15728640, RGU Inverse square=x               11967
Time=7325, Entrada=x            17956864, RGU Inverse square=x                6674
Time=7445, Entrada=x            30801920, RGU Inverse square=x                6272
Time=7565, Entrada=x            23855104, RGU Inverse square=x                6484
Time=7685, Entrada=x            25952256, RGU Inverse square=x                6418
Time=7805, Entrada=x            22806528, RGU Inverse square=x                6516
Time=7925, Entrada=x            24641536, RGU Inverse square=x                6458
Time=8045, Entrada=x             5505024, RGU Inverse square=x               20225
Time=8165, Entrada=x             1441792, RGU Inverse square=x               39521
Time=8285, Entrada=x            14811136, RGU Inverse square=x               12333
Time=8405, Entrada=x            17432576, RGU Inverse square=x                6692
Time=8525, Entrada=x            10354688, RGU Inverse square=x               14747
Time=8645, Entrada=x             7733248, RGU Inverse square=x               17064
Time=8765, Entrada=x             7602176, RGU Inverse square=x               17212
Time=8885, Entrada=x            16515072, RGU Inverse square=x               11678
Time=9005, Entrada=x             2752512, RGU Inverse square=x               28604
Time=9125, Entrada=x            31588352, RGU Inverse square=x                6247
Time=9245, Entrada=x            28442624, RGU Inverse square=x                6341
Time=9365, Entrada=x            12845056, RGU Inverse square=x               13244
Time=9485, Entrada=x             9961472, RGU Inverse square=x               15038
Time=9605, Entrada=x            20840448, RGU Inverse square=x                6579
Time=9725, Entrada=x            18743296, RGU Inverse square=x                6647
Time=9845, Entrada=x            32505856, RGU Inverse square=x                6221
Time=9965, Entrada=x            23986176, RGU Inverse square=x                6479
Time=10085, Entrada=x            20840448, RGU Inverse square=x                6579
Time=10205, Entrada=x            12058624, RGU Inverse square=x               13666
Time=10325, Entrada=x            11927552, RGU Inverse square=x               13742
Time=10445, Entrada=x            17956864, RGU Inverse square=x                6674
Time=10565, Entrada=x             9568256, RGU Inverse square=x               15344
Time=10685, Entrada=x            27262976, RGU Inverse square=x                6379
Time=10805, Entrada=x            28180480, RGU Inverse square=x                6349
Time=10925, Entrada=x            10616832, RGU Inverse square=x               14563
Time=11045, Entrada=x            19660800, RGU Inverse square=x                6619
Time=11165, Entrada=x             1572864, RGU Inverse square=x               37837
Time=11285, Entrada=x            25427968, RGU Inverse square=x                6435
Time=11405, Entrada=x            26214400, RGU Inverse square=x                6410
Time=11525, Entrada=x            15597568, RGU Inverse square=x               12019
Time=11645, Entrada=x             7995392, RGU Inverse square=x               16782
Time=11765, Entrada=x             2359296, RGU Inverse square=x               30895
Time=11885, Entrada=x            16515072, RGU Inverse square=x               11678
Time=12005, Entrada=x            14286848, RGU Inverse square=x               12558
Time=12125, Entrada=x             7471104, RGU Inverse square=x               17362
Time=12245, Entrada=x             4063232, RGU Inverse square=x               23541
Time=12365, Entrada=x            27656192, RGU Inverse square=x                6367
Time=12485, Entrada=x            17432576, RGU Inverse square=x                6692
Time=12605, Entrada=x            15728640, RGU Inverse square=x               11967
Time=12725, Entrada=x            11927552, RGU Inverse square=x               13742
Time=12845, Entrada=x             9568256, RGU Inverse square=x               15344
Time=12965, Entrada=x             8257536, RGU Inverse square=x               16517
Time=13085, Entrada=x             5505024, RGU Inverse square=x               20225
Time=13205, Entrada=x            11534336, RGU Inverse square=x               13976
Time=13325, Entrada=x            17563648, RGU Inverse square=x                6688
Time=13445, Entrada=x            18612224, RGU Inverse square=x                6652
Time=13565, Entrada=x            20447232, RGU Inverse square=x                6592
Time=13685, Entrada=x            32768000, RGU Inverse square=x                6213
Time=13805, Entrada=x             4980736, RGU Inverse square=x               21262
Time=13925, Entrada=x            15073280, RGU Inverse square=x               12224
Time=14045, Entrada=x            21364736, RGU Inverse square=x                6564
Time=14165, Entrada=x             6160384, RGU Inverse square=x               19119
Time=14285, Entrada=x            23461888, RGU Inverse square=x                6497
Time=14405, Entrada=x            12451840, RGU Inverse square=x               13448
Time=14525, Entrada=x             8912896, RGU Inverse square=x               15898
Time=14645, Entrada=x            32374784, RGU Inverse square=x                6226
Time=14765, Entrada=x            26607616, RGU Inverse square=x                6397
Time=14885, Entrada=x            30146560, RGU Inverse square=x                6289
