Time=775, Entrada=x             4718592, RGU Inverse square=x               21845
Time=945, Entrada=x            16908288, RGU Inverse square=x                8929
Time=1115, Entrada=x             1179648, RGU Inverse square=x               43690
Time=1285, Entrada=x            12976128, RGU Inverse square=x               13175
Time=1455, Entrada=x             1703936, RGU Inverse square=x               36352
Time=1625, Entrada=x            18481152, RGU Inverse square=x                8773
Time=1795, Entrada=x            13238272, RGU Inverse square=x               13046
Time=1965, Entrada=x             2359296, RGU Inverse square=x               30894
Time=2135, Entrada=x              131072, RGU Inverse square=x              131072
Time=2305, Entrada=x             1703936, RGU Inverse square=x               36352
Time=2475, Entrada=x            15466496, RGU Inverse square=x               12066
Time=2645, Entrada=x             7995392, RGU Inverse square=x               16784
Time=2815, Entrada=x            31064064, RGU Inverse square=x                7702
Time=2985, Entrada=x            18350080, RGU Inverse square=x                8789
Time=3155, Entrada=x            32636928, RGU Inverse square=x                7589
Time=3325, Entrada=x            25952256, RGU Inverse square=x                8104
Time=3495, Entrada=x            25821184, RGU Inverse square=x                8117
Time=3665, Entrada=x            22282240, RGU Inverse square=x                8422
Time=3835, Entrada=x            30015488, RGU Inverse square=x                7779
Time=4005, Entrada=x            15597568, RGU Inverse square=x               12015
Time=4175, Entrada=x             2359296, RGU Inverse square=x               30894
Time=4345, Entrada=x            18743296, RGU Inverse square=x                8748
Time=4515, Entrada=x            31719424, RGU Inverse square=x                7651
Time=4685, Entrada=x            27000832, RGU Inverse square=x                8020
Time=4855, Entrada=x            30408704, RGU Inverse square=x                7753
Time=5025, Entrada=x            25821184, RGU Inverse square=x                8117
Time=5195, Entrada=x            12058624, RGU Inverse square=x               13669
Time=5365, Entrada=x            24772608, RGU Inverse square=x                8205
Time=5535, Entrada=x             5898240, RGU Inverse square=x               19542
Time=5705, Entrada=x            13238272, RGU Inverse square=x               13046
Time=5875, Entrada=x            12976128, RGU Inverse square=x               13175
Time=6045, Entrada=x             1310720, RGU Inverse square=x               41449
Time=6215, Entrada=x            16777216, RGU Inverse square=x               11590
Time=6385, Entrada=x             4194304, RGU Inverse square=x               23172
Time=6555, Entrada=x            22282240, RGU Inverse square=x                8422
Time=6725, Entrada=x            20578304, RGU Inverse square=x                8576
Time=6895, Entrada=x            19660800, RGU Inverse square=x                8663
Time=7065, Entrada=x             2490368, RGU Inverse square=x               30072
Time=7235, Entrada=x             1703936, RGU Inverse square=x               36352
Time=7405, Entrada=x            10878976, RGU Inverse square=x               14387
Time=7575, Entrada=x            14024704, RGU Inverse square=x               12674
Time=7745, Entrada=x            27918336, RGU Inverse square=x                7945
Time=7915, Entrada=x              262144, RGU Inverse square=x               92682
Time=8085, Entrada=x            22806528, RGU Inverse square=x                8377
Time=8255, Entrada=x             3801088, RGU Inverse square=x               24340
Time=8425, Entrada=x            27131904, RGU Inverse square=x                8013
Time=8595, Entrada=x             4587520, RGU Inverse square=x               22155
Time=8765, Entrada=x             1310720, RGU Inverse square=x               41449
Time=8935, Entrada=x            26476544, RGU Inverse square=x                8063
Time=9105, Entrada=x             7864320, RGU Inverse square=x               16923
Time=9275, Entrada=x            31719424, RGU Inverse square=x                7651
Time=9445, Entrada=x            18087936, RGU Inverse square=x                8814
Time=9615, Entrada=x             8519680, RGU Inverse square=x               16260
Time=9785, Entrada=x            28311552, RGU Inverse square=x                7912
Time=9955, Entrada=x            15728640, RGU Inverse square=x               11968
Time=10125, Entrada=x            17956864, RGU Inverse square=x                8828
Time=10295, Entrada=x            30801920, RGU Inverse square=x                7721
Time=10465, Entrada=x            23855104, RGU Inverse square=x                8285
Time=10635, Entrada=x            25952256, RGU Inverse square=x                8104
Time=10805, Entrada=x            22806528, RGU Inverse square=x                8377
Time=10975, Entrada=x            24641536, RGU Inverse square=x                8214
Time=11145, Entrada=x             5505024, RGU Inverse square=x               20227
Time=11315, Entrada=x             1441792, RGU Inverse square=x               39520
Time=11485, Entrada=x            14811136, RGU Inverse square=x               12332
Time=11655, Entrada=x            17432576, RGU Inverse square=x                8880
Time=11825, Entrada=x            10354688, RGU Inverse square=x               14747
Time=11995, Entrada=x             7733248, RGU Inverse square=x               17066
Time=12165, Entrada=x             7602176, RGU Inverse square=x               17211
Time=12335, Entrada=x            16515072, RGU Inverse square=x               11679
Time=12505, Entrada=x             2752512, RGU Inverse square=x               28602
Time=12675, Entrada=x            31588352, RGU Inverse square=x                7664
Time=12845, Entrada=x            28442624, RGU Inverse square=x                7905
Time=13015, Entrada=x            12845056, RGU Inverse square=x               13241
Time=13185, Entrada=x             9961472, RGU Inverse square=x               15036
Time=13355, Entrada=x            20840448, RGU Inverse square=x                8551
Time=13525, Entrada=x            18743296, RGU Inverse square=x                8748
Time=13695, Entrada=x            32505856, RGU Inverse square=x                7595
Time=13865, Entrada=x            23986176, RGU Inverse square=x                8271
Time=14035, Entrada=x            20840448, RGU Inverse square=x                8551
Time=14205, Entrada=x            12058624, RGU Inverse square=x               13669
Time=14375, Entrada=x            11927552, RGU Inverse square=x               13743
Time=14545, Entrada=x            17956864, RGU Inverse square=x                8828
Time=14715, Entrada=x             9568256, RGU Inverse square=x               15341
Time=14885, Entrada=x            27262976, RGU Inverse square=x                7999
