Time=825, Entrada=x             4718592, RGU Inverse square=x               21847
Time=1045, Entrada=x            16908288, RGU Inverse square=x               10721
Time=1265, Entrada=x             1179648, RGU Inverse square=x               43690
Time=1485, Entrada=x            12976128, RGU Inverse square=x               13174
Time=1705, Entrada=x             1703936, RGU Inverse square=x               36352
Time=1925, Entrada=x            18481152, RGU Inverse square=x               10389
Time=2145, Entrada=x            13238272, RGU Inverse square=x               13044
Time=2365, Entrada=x             2359296, RGU Inverse square=x               30895
Time=2585, Entrada=x              131072, RGU Inverse square=x              131072
Time=2805, Entrada=x             1703936, RGU Inverse square=x               36352
Time=3025, Entrada=x            15466496, RGU Inverse square=x               12070
Time=3245, Entrada=x             7995392, RGU Inverse square=x               16782
Time=3465, Entrada=x            31064064, RGU Inverse square=x                8405
Time=3685, Entrada=x            18350080, RGU Inverse square=x               10418
Time=3905, Entrada=x            32636928, RGU Inverse square=x                8218
Time=4125, Entrada=x            25952256, RGU Inverse square=x                9089
Time=4345, Entrada=x            25821184, RGU Inverse square=x                9113
Time=4565, Entrada=x            22282240, RGU Inverse square=x                9678
Time=4785, Entrada=x            30015488, RGU Inverse square=x                8535
Time=5005, Entrada=x            15597568, RGU Inverse square=x               12017
Time=5225, Entrada=x             2359296, RGU Inverse square=x               30895
Time=5445, Entrada=x            18743296, RGU Inverse square=x               10339
Time=5665, Entrada=x            31719424, RGU Inverse square=x                8326
Time=5885, Entrada=x            27000832, RGU Inverse square=x                8941
Time=6105, Entrada=x            30408704, RGU Inverse square=x                8486
Time=6325, Entrada=x            25821184, RGU Inverse square=x                9113
Time=6545, Entrada=x            12058624, RGU Inverse square=x               13667
Time=6765, Entrada=x            24772608, RGU Inverse square=x                9272
Time=6985, Entrada=x             5898240, RGU Inverse square=x               19541
Time=7205, Entrada=x            13238272, RGU Inverse square=x               13044
Time=7425, Entrada=x            12976128, RGU Inverse square=x               13174
Time=7645, Entrada=x             1310720, RGU Inverse square=x               41449
Time=7865, Entrada=x            16777216, RGU Inverse square=x               11590
Time=8085, Entrada=x             4194304, RGU Inverse square=x               23172
Time=8305, Entrada=x            22282240, RGU Inverse square=x                9678
Time=8525, Entrada=x            20578304, RGU Inverse square=x                9982
Time=8745, Entrada=x            19660800, RGU Inverse square=x               10159
Time=8965, Entrada=x             2490368, RGU Inverse square=x               30070
Time=9185, Entrada=x             1703936, RGU Inverse square=x               36352
Time=9405, Entrada=x            10878976, RGU Inverse square=x               14387
Time=9625, Entrada=x            14024704, RGU Inverse square=x               12673
Time=9845, Entrada=x            27918336, RGU Inverse square=x                8812
Time=10065, Entrada=x              262144, RGU Inverse square=x               92682
Time=10285, Entrada=x            22806528, RGU Inverse square=x                9590
Time=10505, Entrada=x             3801088, RGU Inverse square=x               24341
Time=10725, Entrada=x            27131904, RGU Inverse square=x                8925
Time=10945, Entrada=x             4587520, RGU Inverse square=x               22157
Time=11165, Entrada=x             1310720, RGU Inverse square=x               41449
Time=11385, Entrada=x            26476544, RGU Inverse square=x                9012
Time=11605, Entrada=x             7864320, RGU Inverse square=x               16925
Time=11825, Entrada=x            31719424, RGU Inverse square=x                8326
Time=12045, Entrada=x            18087936, RGU Inverse square=x               10474
Time=12265, Entrada=x             8519680, RGU Inverse square=x               16257
Time=12485, Entrada=x            28311552, RGU Inverse square=x                8758
Time=12705, Entrada=x            15728640, RGU Inverse square=x               11969
Time=12925, Entrada=x            17956864, RGU Inverse square=x               10501
Time=13145, Entrada=x            30801920, RGU Inverse square=x                8439
Time=13365, Entrada=x            23855104, RGU Inverse square=x                9419
Time=13585, Entrada=x            25952256, RGU Inverse square=x                9089
Time=13805, Entrada=x            22806528, RGU Inverse square=x                9590
Time=14025, Entrada=x            24641536, RGU Inverse square=x                9293
Time=14245, Entrada=x             5505024, RGU Inverse square=x               20226
Time=14465, Entrada=x             1441792, RGU Inverse square=x               39521
Time=14685, Entrada=x            14811136, RGU Inverse square=x               12331
Time=14905, Entrada=x            17432576, RGU Inverse square=x               10612
