Time=875, Entrada=x             4718592, RGU Inverse square=x               21846
Time=1145, Entrada=x            16908288, RGU Inverse square=x               11459
Time=1415, Entrada=x             1179648, RGU Inverse square=x               43690
Time=1685, Entrada=x            12976128, RGU Inverse square=x               13173
Time=1955, Entrada=x             1703936, RGU Inverse square=x               36352
Time=2225, Entrada=x            18481152, RGU Inverse square=x               10984
Time=2495, Entrada=x            13238272, RGU Inverse square=x               13042
Time=2765, Entrada=x             2359296, RGU Inverse square=x               30894
Time=3035, Entrada=x              131072, RGU Inverse square=x              131072
Time=3305, Entrada=x             1703936, RGU Inverse square=x               36352
Time=3575, Entrada=x            15466496, RGU Inverse square=x               12068
Time=3845, Entrada=x             7995392, RGU Inverse square=x               16784
Time=4115, Entrada=x            31064064, RGU Inverse square=x                8519
Time=4385, Entrada=x            18350080, RGU Inverse square=x               11020
Time=4655, Entrada=x            32636928, RGU Inverse square=x                8306
Time=4925, Entrada=x            25952256, RGU Inverse square=x                9308
Time=5195, Entrada=x            25821184, RGU Inverse square=x                9334
Time=5465, Entrada=x            22282240, RGU Inverse square=x               10035
Time=5735, Entrada=x            30015488, RGU Inverse square=x                8664
Time=6005, Entrada=x            15597568, RGU Inverse square=x               12019
Time=6275, Entrada=x             2359296, RGU Inverse square=x               30894
Time=6545, Entrada=x            18743296, RGU Inverse square=x               10911
Time=6815, Entrada=x            31719424, RGU Inverse square=x                8430
Time=7085, Entrada=x            27000832, RGU Inverse square=x                9132
Time=7355, Entrada=x            30408704, RGU Inverse square=x                8605
Time=7625, Entrada=x            25821184, RGU Inverse square=x                9334
Time=7895, Entrada=x            12058624, RGU Inverse square=x               13665
Time=8165, Entrada=x            24772608, RGU Inverse square=x                9529
Time=8435, Entrada=x             5898240, RGU Inverse square=x               19540
Time=8705, Entrada=x            13238272, RGU Inverse square=x               13042
Time=8975, Entrada=x            12976128, RGU Inverse square=x               13173
Time=9245, Entrada=x             1310720, RGU Inverse square=x               41449
Time=9515, Entrada=x            16777216, RGU Inverse square=x               11590
Time=9785, Entrada=x             4194304, RGU Inverse square=x               23172
Time=10055, Entrada=x            22282240, RGU Inverse square=x               10035
Time=10325, Entrada=x            20578304, RGU Inverse square=x               10429
Time=10595, Entrada=x            19660800, RGU Inverse square=x               10663
Time=10865, Entrada=x             2490368, RGU Inverse square=x               30071
Time=11135, Entrada=x             1703936, RGU Inverse square=x               36352
Time=11405, Entrada=x            10878976, RGU Inverse square=x               14387
Time=11675, Entrada=x            14024704, RGU Inverse square=x               12672
Time=11945, Entrada=x            27918336, RGU Inverse square=x                8979
Time=12215, Entrada=x              262144, RGU Inverse square=x               92682
Time=12485, Entrada=x            22806528, RGU Inverse square=x                9922
Time=12755, Entrada=x             3801088, RGU Inverse square=x               24340
Time=13025, Entrada=x            27131904, RGU Inverse square=x                9109
Time=13295, Entrada=x             4587520, RGU Inverse square=x               22156
Time=13565, Entrada=x             1310720, RGU Inverse square=x               41449
Time=13835, Entrada=x            26476544, RGU Inverse square=x                9219
Time=14105, Entrada=x             7864320, RGU Inverse square=x               16923
Time=14375, Entrada=x            31719424, RGU Inverse square=x                8430
Time=14645, Entrada=x            18087936, RGU Inverse square=x               11101
Time=14915, Entrada=x             8519680, RGU Inverse square=x               16258
