Time=925, Entrada=x             4718592, RGU Inverse square=x               21845
Time=1245, Entrada=x            16908288, RGU Inverse square=x               11543
Time=1565, Entrada=x             1179648, RGU Inverse square=x               43690
Time=1885, Entrada=x            12976128, RGU Inverse square=x               13177
Time=2205, Entrada=x             1703936, RGU Inverse square=x               36352
Time=2525, Entrada=x            18481152, RGU Inverse square=x               11040
Time=2845, Entrada=x            13238272, RGU Inverse square=x               13045
Time=3165, Entrada=x             2359296, RGU Inverse square=x               30895
Time=3485, Entrada=x              131072, RGU Inverse square=x              131072
Time=3805, Entrada=x             1703936, RGU Inverse square=x               36352
Time=4125, Entrada=x            15466496, RGU Inverse square=x               12066
Time=4445, Entrada=x             7995392, RGU Inverse square=x               16782
Time=4765, Entrada=x            31064064, RGU Inverse square=x                8519
Time=5085, Entrada=x            18350080, RGU Inverse square=x               11080
Time=5405, Entrada=x            32636928, RGU Inverse square=x                8309
Time=5725, Entrada=x            25952256, RGU Inverse square=x                9314
Time=6045, Entrada=x            25821184, RGU Inverse square=x                9343
Time=6365, Entrada=x            22282240, RGU Inverse square=x               10054
Time=6685, Entrada=x            30015488, RGU Inverse square=x                8666
Time=7005, Entrada=x            15597568, RGU Inverse square=x               12015
Time=7325, Entrada=x             2359296, RGU Inverse square=x               30895
Time=7645, Entrada=x            18743296, RGU Inverse square=x               10962
Time=7965, Entrada=x            31719424, RGU Inverse square=x                8427
Time=8285, Entrada=x            27000832, RGU Inverse square=x                9133
Time=8605, Entrada=x            30408704, RGU Inverse square=x                8612
Time=8925, Entrada=x            25821184, RGU Inverse square=x                9343
Time=9245, Entrada=x            12058624, RGU Inverse square=x               13668
Time=9565, Entrada=x            24772608, RGU Inverse square=x                9539
Time=9885, Entrada=x             5898240, RGU Inverse square=x               19542
Time=10205, Entrada=x            13238272, RGU Inverse square=x               13045
Time=10525, Entrada=x            12976128, RGU Inverse square=x               13177
Time=10845, Entrada=x             1310720, RGU Inverse square=x               41449
Time=11165, Entrada=x            16777216, RGU Inverse square=x               11590
Time=11485, Entrada=x             4194304, RGU Inverse square=x               23172
Time=11805, Entrada=x            22282240, RGU Inverse square=x               10054
Time=12125, Entrada=x            20578304, RGU Inverse square=x               10465
Time=12445, Entrada=x            19660800, RGU Inverse square=x               10704
Time=12765, Entrada=x             2490368, RGU Inverse square=x               30072
Time=13085, Entrada=x             1703936, RGU Inverse square=x               36352
Time=13405, Entrada=x            10878976, RGU Inverse square=x               14387
Time=13725, Entrada=x            14024704, RGU Inverse square=x               12671
Time=14045, Entrada=x            27918336, RGU Inverse square=x                8981
Time=14365, Entrada=x              262144, RGU Inverse square=x               92682
Time=14685, Entrada=x            22806528, RGU Inverse square=x                9937
