Time=675, Entrada=x           709361664, RGU Inverse square=x                1795
Time=745, Entrada=x          1023541248, RGU Inverse square=x                1485
Time=815, Entrada=x           739377152, RGU Inverse square=x                1754
Time=885, Entrada=x           751173632, RGU Inverse square=x                1741
Time=955, Entrada=x           907673600, RGU Inverse square=x                1614
Time=1025, Entrada=x           857341952, RGU Inverse square=x                1639
Time=1095, Entrada=x           147456000, RGU Inverse square=x                3894
Time=1165, Entrada=x           606339072, RGU Inverse square=x                1941
Time=1235, Entrada=x           100794368, RGU Inverse square=x                4735
Time=1305, Entrada=x           437911552, RGU Inverse square=x                2278
Time=1375, Entrada=x           585891840, RGU Inverse square=x                1963
Time=1445, Entrada=x           444203008, RGU Inverse square=x                2262
Time=1515, Entrada=x           802816000, RGU Inverse square=x                1684
Time=1585, Entrada=x           790102016, RGU Inverse square=x                1697
Time=1655, Entrada=x           334626816, RGU Inverse square=x                2606
Time=1725, Entrada=x           160169984, RGU Inverse square=x                3700
Time=1795, Entrada=x           160038912, RGU Inverse square=x                3702
Time=1865, Entrada=x           626262016, RGU Inverse square=x                1910
Time=1935, Entrada=x           801767424, RGU Inverse square=x                1685
Time=2005, Entrada=x           619577344, RGU Inverse square=x                1920
Time=2075, Entrada=x           740556800, RGU Inverse square=x                1753
Time=2145, Entrada=x           924712960, RGU Inverse square=x                1600
Time=2215, Entrada=x           333709312, RGU Inverse square=x                2610
Time=2285, Entrada=x           765198336, RGU Inverse square=x                1724
Time=2355, Entrada=x           902823936, RGU Inverse square=x                1607
Time=2425, Entrada=x           495583232, RGU Inverse square=x                2146
Time=2495, Entrada=x           314048512, RGU Inverse square=x                2697
Time=2565, Entrada=x           293208064, RGU Inverse square=x                2787
Time=2635, Entrada=x           811204608, RGU Inverse square=x                1679
Time=2705, Entrada=x           214564864, RGU Inverse square=x                3241
Time=2775, Entrada=x            80084992, RGU Inverse square=x                5245
Time=2845, Entrada=x           236191744, RGU Inverse square=x                3090
Time=2915, Entrada=x            83886080, RGU Inverse square=x                5082
Time=2985, Entrada=x            37748736, RGU Inverse square=x                7680
Time=3055, Entrada=x           190054400, RGU Inverse square=x                3427
Time=3125, Entrada=x           423231488, RGU Inverse square=x                2323
Time=3195, Entrada=x          1026293760, RGU Inverse square=x                1483
Time=3265, Entrada=x           807796736, RGU Inverse square=x                1682
Time=3335, Entrada=x           807010304, RGU Inverse square=x                1683
Time=3405, Entrada=x           749076480, RGU Inverse square=x                1743
Time=3475, Entrada=x           987103232, RGU Inverse square=x                1538
Time=3545, Entrada=x           363462656, RGU Inverse square=x                2487
Time=3615, Entrada=x           335806464, RGU Inverse square=x                2594
Time=3685, Entrada=x          1029439488, RGU Inverse square=x                1481
Time=3755, Entrada=x           305790976, RGU Inverse square=x                2734
Time=3825, Entrada=x           631111680, RGU Inverse square=x                1902
Time=3895, Entrada=x           306577408, RGU Inverse square=x                2730
Time=3965, Entrada=x           169082880, RGU Inverse square=x                3655
Time=4035, Entrada=x           362020864, RGU Inverse square=x                2493
Time=4105, Entrada=x           410517504, RGU Inverse square=x                2359
Time=4175, Entrada=x          1004797952, RGU Inverse square=x                1525
Time=4245, Entrada=x            51642368, RGU Inverse square=x                5984
Time=4315, Entrada=x           646053888, RGU Inverse square=x                1899
Time=4385, Entrada=x           699400192, RGU Inverse square=x                1814
Time=4455, Entrada=x           653262848, RGU Inverse square=x                1889
Time=4525, Entrada=x           621936640, RGU Inverse square=x                1916
Time=4595, Entrada=x           467009536, RGU Inverse square=x                2203
Time=4665, Entrada=x           191627264, RGU Inverse square=x                3410
Time=4735, Entrada=x           864813056, RGU Inverse square=x                1632
Time=4805, Entrada=x           660340736, RGU Inverse square=x                1879
Time=4875, Entrada=x            91750400, RGU Inverse square=x                4744
Time=4945, Entrada=x           978583552, RGU Inverse square=x                1545
Time=5015, Entrada=x           873857024, RGU Inverse square=x                1632
Time=5085, Entrada=x          1021444096, RGU Inverse square=x                1486
Time=5155, Entrada=x            50987008, RGU Inverse square=x                6064
Time=5225, Entrada=x           714997760, RGU Inverse square=x                1788
Time=5295, Entrada=x             7733248, RGU Inverse square=x               17066
Time=5365, Entrada=x           645136384, RGU Inverse square=x                1901
Time=5435, Entrada=x           620494848, RGU Inverse square=x                1919
Time=5505, Entrada=x           371851264, RGU Inverse square=x                2474
Time=5575, Entrada=x           937558016, RGU Inverse square=x                1589
Time=5645, Entrada=x           397541376, RGU Inverse square=x                2389
Time=5715, Entrada=x           247726080, RGU Inverse square=x                3014
Time=5785, Entrada=x           915931136, RGU Inverse square=x                1607
Time=5855, Entrada=x           725483520, RGU Inverse square=x                1774
Time=5925, Entrada=x            52297728, RGU Inverse square=x                5904
Time=5995, Entrada=x           334495744, RGU Inverse square=x                2606
Time=6065, Entrada=x            23986176, RGU Inverse square=x                4684
Time=6135, Entrada=x           759037952, RGU Inverse square=x                1731
Time=6205, Entrada=x           683147264, RGU Inverse square=x                1836
Time=6275, Entrada=x            11927552, RGU Inverse square=x               13741
Time=6345, Entrada=x           789708800, RGU Inverse square=x                1698
Time=6415, Entrada=x           613548032, RGU Inverse square=x                1930
Time=6485, Entrada=x          1033895936, RGU Inverse square=x                1477
Time=6555, Entrada=x            28180480, RGU Inverse square=x                4653
Time=6625, Entrada=x           950140928, RGU Inverse square=x                1551
Time=6695, Entrada=x           522977280, RGU Inverse square=x                2077
Time=6765, Entrada=x          1041760256, RGU Inverse square=x                1492
Time=6835, Entrada=x           495190016, RGU Inverse square=x                2147
Time=6905, Entrada=x           462422016, RGU Inverse square=x                2215
Time=6975, Entrada=x           888012800, RGU Inverse square=x                1620
Time=7045, Entrada=x           444203008, RGU Inverse square=x                2262
Time=7115, Entrada=x           908328960, RGU Inverse square=x                1614
Time=7185, Entrada=x            16515072, RGU Inverse square=x               11677
Time=7255, Entrada=x            47841280, RGU Inverse square=x                6448
Time=7325, Entrada=x           242352128, RGU Inverse square=x                3049
Time=7395, Entrada=x           507379712, RGU Inverse square=x                2110
Time=7465, Entrada=x           765853696, RGU Inverse square=x                1723
Time=7535, Entrada=x           520749056, RGU Inverse square=x                2082
Time=7605, Entrada=x           284164096, RGU Inverse square=x                2835
Time=7675, Entrada=x           850788352, RGU Inverse square=x                1645
Time=7745, Entrada=x           378667008, RGU Inverse square=x                2451
Time=7815, Entrada=x           478019584, RGU Inverse square=x                2187
Time=7885, Entrada=x           508821504, RGU Inverse square=x                2107
Time=7955, Entrada=x           112197632, RGU Inverse square=x                4468
Time=8025, Entrada=x           822870016, RGU Inverse square=x                1667
Time=8095, Entrada=x           421265408, RGU Inverse square=x                2328
Time=8165, Entrada=x           624427008, RGU Inverse square=x                1912
Time=8235, Entrada=x           871628800, RGU Inverse square=x                1625
Time=8305, Entrada=x           944504832, RGU Inverse square=x                1556
Time=8375, Entrada=x           786825216, RGU Inverse square=x                1701
Time=8445, Entrada=x           692453376, RGU Inverse square=x                1823
Time=8515, Entrada=x           274595840, RGU Inverse square=x                2885
Time=8585, Entrada=x           627441664, RGU Inverse square=x                1908
Time=8655, Entrada=x           750649344, RGU Inverse square=x                1741
Time=8725, Entrada=x           445120512, RGU Inverse square=x                2260
Time=8795, Entrada=x          1005453312, RGU Inverse square=x                1524
Time=8865, Entrada=x           764805120, RGU Inverse square=x                1725
Time=8935, Entrada=x           902561792, RGU Inverse square=x                1607
Time=9005, Entrada=x           917766144, RGU Inverse square=x                1606
Time=9075, Entrada=x            38928384, RGU Inverse square=x                7536
Time=9145, Entrada=x            98172928, RGU Inverse square=x                4468
Time=9215, Entrada=x           431226880, RGU Inverse square=x                2299
Time=9285, Entrada=x           751435776, RGU Inverse square=x                1740
Time=9355, Entrada=x            90832896, RGU Inverse square=x                4783
Time=9425, Entrada=x           700317696, RGU Inverse square=x                1813
Time=9495, Entrada=x           854720512, RGU Inverse square=x                1642
Time=9565, Entrada=x          1049100288, RGU Inverse square=x                1487
Time=9635, Entrada=x           429916160, RGU Inverse square=x                2303
Time=9705, Entrada=x           374603776, RGU Inverse square=x                2465
Time=9775, Entrada=x           458620928, RGU Inverse square=x                2225
Time=9845, Entrada=x           505151488, RGU Inverse square=x                2115
Time=9915, Entrada=x           465043456, RGU Inverse square=x                2208
Time=9985, Entrada=x           959709184, RGU Inverse square=x                1543
Time=10055, Entrada=x           637140992, RGU Inverse square=x                1892
Time=10125, Entrada=x            92667904, RGU Inverse square=x                4704
Time=10195, Entrada=x           447479808, RGU Inverse square=x                2254
Time=10265, Entrada=x           312213504, RGU Inverse square=x                2705
Time=10335, Entrada=x           751697920, RGU Inverse square=x                1740
Time=10405, Entrada=x           672399360, RGU Inverse square=x                1850
Time=10475, Entrada=x           862715904, RGU Inverse square=x                1634
Time=10545, Entrada=x           342884352, RGU Inverse square=x                2566
Time=10615, Entrada=x           250740736, RGU Inverse square=x                2994
Time=10685, Entrada=x           158334976, RGU Inverse square=x                3728
Time=10755, Entrada=x          1059586048, RGU Inverse square=x                1480
Time=10825, Entrada=x           992346112, RGU Inverse square=x                1534
Time=10895, Entrada=x           403177472, RGU Inverse square=x                2380
Time=10965, Entrada=x           347209728, RGU Inverse square=x                2550
Time=11035, Entrada=x           330694656, RGU Inverse square=x                2623
Time=11105, Entrada=x          1016725504, RGU Inverse square=x                1490
Time=11175, Entrada=x           800194560, RGU Inverse square=x                1686
Time=11245, Entrada=x           215613440, RGU Inverse square=x                3232
Time=11315, Entrada=x            82575360, RGU Inverse square=x                5138
Time=11385, Entrada=x           328466432, RGU Inverse square=x                2633
Time=11455, Entrada=x           460062720, RGU Inverse square=x                2221
Time=11525, Entrada=x           589955072, RGU Inverse square=x                1956
Time=11595, Entrada=x           881590272, RGU Inverse square=x                1626
Time=11665, Entrada=x           906493952, RGU Inverse square=x                1615
Time=11735, Entrada=x            65929216, RGU Inverse square=x                4240
Time=11805, Entrada=x           248643584, RGU Inverse square=x                3008
Time=11875, Entrada=x           896008192, RGU Inverse square=x                1613
Time=11945, Entrada=x           454033408, RGU Inverse square=x                2237
Time=12015, Entrada=x           844103680, RGU Inverse square=x                1652
Time=12085, Entrada=x           140115968, RGU Inverse square=x                4006
Time=12155, Entrada=x           562954240, RGU Inverse square=x                1998
Time=12225, Entrada=x           945553408, RGU Inverse square=x                1555
Time=12295, Entrada=x           135266304, RGU Inverse square=x                4080
Time=12365, Entrada=x           171442176, RGU Inverse square=x                3630
Time=12435, Entrada=x           234487808, RGU Inverse square=x                3076
Time=12505, Entrada=x           240254976, RGU Inverse square=x                3063
Time=12575, Entrada=x           540540928, RGU Inverse square=x                2041
Time=12645, Entrada=x           252444672, RGU Inverse square=x                2983
Time=12715, Entrada=x           297009152, RGU Inverse square=x                2766
Time=12785, Entrada=x           209321984, RGU Inverse square=x                3284
Time=12855, Entrada=x           248250368, RGU Inverse square=x                3011
Time=12925, Entrada=x           148897792, RGU Inverse square=x                3872
Time=12995, Entrada=x           149291008, RGU Inverse square=x                3866
Time=13065, Entrada=x           863240192, RGU Inverse square=x                1633
Time=13135, Entrada=x           649854976, RGU Inverse square=x                1894
Time=13205, Entrada=x           871628800, RGU Inverse square=x                1625
Time=13275, Entrada=x           195690496, RGU Inverse square=x                3366
Time=13345, Entrada=x           741605376, RGU Inverse square=x                1752
Time=13415, Entrada=x            24248320, RGU Inverse square=x                4682
Time=13485, Entrada=x            40763392, RGU Inverse square=x                7312
Time=13555, Entrada=x           791412736, RGU Inverse square=x                1696
Time=13625, Entrada=x            58720256, RGU Inverse square=x                5120
Time=13695, Entrada=x          1045168128, RGU Inverse square=x                1490
Time=13765, Entrada=x           896270336, RGU Inverse square=x                1613
Time=13835, Entrada=x           117047296, RGU Inverse square=x                4354
Time=13905, Entrada=x           532152320, RGU Inverse square=x                2058
Time=13975, Entrada=x           789315584, RGU Inverse square=x                1698
Time=14045, Entrada=x          1055916032, RGU Inverse square=x                1483
Time=14115, Entrada=x           922484736, RGU Inverse square=x                1602
Time=14185, Entrada=x            28704768, RGU Inverse square=x                4649
Time=14255, Entrada=x           765329408, RGU Inverse square=x                1724
Time=14325, Entrada=x           384958464, RGU Inverse square=x                2431
Time=14395, Entrada=x           166985728, RGU Inverse square=x                3596
Time=14465, Entrada=x           482476032, RGU Inverse square=x                2176
Time=14535, Entrada=x           305004544, RGU Inverse square=x                2737
Time=14605, Entrada=x           826408960, RGU Inverse square=x                1663
Time=14675, Entrada=x           587988992, RGU Inverse square=x                1959
Time=14745, Entrada=x           748683264, RGU Inverse square=x                1743
Time=14815, Entrada=x           870973440, RGU Inverse square=x                1626
Time=14885, Entrada=x           275382272, RGU Inverse square=x                2881
Time=14955, Entrada=x           340918272, RGU Inverse square=x                2574
