Time=725, Entrada=x           709361664, RGU Inverse square=x                1803
Time=845, Entrada=x          1023541248, RGU Inverse square=x                1519
Time=965, Entrada=x           739377152, RGU Inverse square=x                1762
Time=1085, Entrada=x           751173632, RGU Inverse square=x                1736
Time=1205, Entrada=x           907673600, RGU Inverse square=x                1610
Time=1325, Entrada=x           857341952, RGU Inverse square=x                1640
Time=1445, Entrada=x           147456000, RGU Inverse square=x                3919
Time=1565, Entrada=x           606339072, RGU Inverse square=x                1952
Time=1685, Entrada=x           100794368, RGU Inverse square=x                4727
Time=1805, Entrada=x           437911552, RGU Inverse square=x                2284
Time=1925, Entrada=x           585891840, RGU Inverse square=x                1973
Time=2045, Entrada=x           444203008, RGU Inverse square=x                2252
Time=2165, Entrada=x           802816000, RGU Inverse square=x                1699
Time=2285, Entrada=x           790102016, RGU Inverse square=x                1726
Time=2405, Entrada=x           334626816, RGU Inverse square=x                2614
Time=2525, Entrada=x           160169984, RGU Inverse square=x                3756
Time=2645, Entrada=x           160038912, RGU Inverse square=x                3759
Time=2765, Entrada=x           626262016, RGU Inverse square=x                1925
Time=2885, Entrada=x           801767424, RGU Inverse square=x                1701
Time=3005, Entrada=x           619577344, RGU Inverse square=x                1910
Time=3125, Entrada=x           740556800, RGU Inverse square=x                1760
Time=3245, Entrada=x           924712960, RGU Inverse square=x                1581
Time=3365, Entrada=x           333709312, RGU Inverse square=x                2622
Time=3485, Entrada=x           765198336, RGU Inverse square=x                1741
Time=3605, Entrada=x           902823936, RGU Inverse square=x                1608
Time=3725, Entrada=x           495583232, RGU Inverse square=x                2135
Time=3845, Entrada=x           314048512, RGU Inverse square=x                2689
Time=3965, Entrada=x           293208064, RGU Inverse square=x                2777
Time=4085, Entrada=x           811204608, RGU Inverse square=x                1686
Time=4205, Entrada=x           214564864, RGU Inverse square=x                3242
Time=4325, Entrada=x            80084992, RGU Inverse square=x                5312
Time=4445, Entrada=x           236191744, RGU Inverse square=x                3105
Time=4565, Entrada=x            83886080, RGU Inverse square=x                5178
Time=4685, Entrada=x            37748736, RGU Inverse square=x                7723
Time=4805, Entrada=x           190054400, RGU Inverse square=x                3453
Time=4925, Entrada=x           423231488, RGU Inverse square=x                2311
Time=5045, Entrada=x          1026293760, RGU Inverse square=x                1515
Time=5165, Entrada=x           807796736, RGU Inverse square=x                1692
Time=5285, Entrada=x           807010304, RGU Inverse square=x                1694
Time=5405, Entrada=x           749076480, RGU Inverse square=x                1740
Time=5525, Entrada=x           987103232, RGU Inverse square=x                1511
Time=5645, Entrada=x           363462656, RGU Inverse square=x                2494
Time=5765, Entrada=x           335806464, RGU Inverse square=x                2598
Time=5885, Entrada=x          1029439488, RGU Inverse square=x                1511
Time=6005, Entrada=x           305790976, RGU Inverse square=x                2714
Time=6125, Entrada=x           631111680, RGU Inverse square=x                1909
Time=6245, Entrada=x           306577408, RGU Inverse square=x                2730
Time=6365, Entrada=x           169082880, RGU Inverse square=x                3665
Time=6485, Entrada=x           362020864, RGU Inverse square=x                2504
Time=6605, Entrada=x           410517504, RGU Inverse square=x                2354
Time=6725, Entrada=x          1004797952, RGU Inverse square=x                1529
Time=6845, Entrada=x            51642368, RGU Inverse square=x                6520
Time=6965, Entrada=x           646053888, RGU Inverse square=x                1884
Time=7085, Entrada=x           699400192, RGU Inverse square=x                1797
Time=7205, Entrada=x           653262848, RGU Inverse square=x                1863
Time=7325, Entrada=x           621936640, RGU Inverse square=x                1902
Time=7445, Entrada=x           467009536, RGU Inverse square=x                2196
Time=7565, Entrada=x           191627264, RGU Inverse square=x                3441
Time=7685, Entrada=x           864813056, RGU Inverse square=x                1626
Time=7805, Entrada=x           660340736, RGU Inverse square=x                1879
Time=7925, Entrada=x            91750400, RGU Inverse square=x                4949
Time=8045, Entrada=x           978583552, RGU Inverse square=x                1525
Time=8165, Entrada=x           873857024, RGU Inverse square=x                1617
Time=8285, Entrada=x          1021444096, RGU Inverse square=x                1522
Time=8405, Entrada=x            50987008, RGU Inverse square=x                6576
Time=8525, Entrada=x           714997760, RGU Inverse square=x                1789
Time=8645, Entrada=x             7733248, RGU Inverse square=x               17064
Time=8765, Entrada=x           645136384, RGU Inverse square=x                1887
Time=8885, Entrada=x           620494848, RGU Inverse square=x                1908
Time=9005, Entrada=x           371851264, RGU Inverse square=x                2479
Time=9125, Entrada=x           937558016, RGU Inverse square=x                1559
Time=9245, Entrada=x           397541376, RGU Inverse square=x                2394
Time=9365, Entrada=x           247726080, RGU Inverse square=x                3021
Time=9485, Entrada=x           915931136, RGU Inverse square=x                1596
Time=9605, Entrada=x           725483520, RGU Inverse square=x                1762
Time=9725, Entrada=x            52297728, RGU Inverse square=x                6474
Time=9845, Entrada=x           334495744, RGU Inverse square=x                2615
Time=9965, Entrada=x            23986176, RGU Inverse square=x                6479
Time=10085, Entrada=x           759037952, RGU Inverse square=x                1755
Time=10205, Entrada=x           683147264, RGU Inverse square=x                1841
Time=10325, Entrada=x            11927552, RGU Inverse square=x               13742
Time=10445, Entrada=x           789708800, RGU Inverse square=x                1727
Time=10565, Entrada=x           613548032, RGU Inverse square=x                1930
Time=10685, Entrada=x          1033895936, RGU Inverse square=x                1504
Time=10805, Entrada=x            28180480, RGU Inverse square=x                6349
Time=10925, Entrada=x           950140928, RGU Inverse square=x                1554
Time=11045, Entrada=x           522977280, RGU Inverse square=x                2103
Time=11165, Entrada=x          1041760256, RGU Inverse square=x                1514
Time=11285, Entrada=x           495190016, RGU Inverse square=x                2137
Time=11405, Entrada=x           462422016, RGU Inverse square=x                2219
Time=11525, Entrada=x           888012800, RGU Inverse square=x                1592
Time=11645, Entrada=x           444203008, RGU Inverse square=x                2252
Time=11765, Entrada=x           908328960, RGU Inverse square=x                1610
Time=11885, Entrada=x            16515072, RGU Inverse square=x               11678
Time=12005, Entrada=x            47841280, RGU Inverse square=x                6825
Time=12125, Entrada=x           242352128, RGU Inverse square=x                3068
Time=12245, Entrada=x           507379712, RGU Inverse square=x                2136
Time=12365, Entrada=x           765853696, RGU Inverse square=x                1739
Time=12485, Entrada=x           520749056, RGU Inverse square=x                2081
Time=12605, Entrada=x           284164096, RGU Inverse square=x                2822
Time=12725, Entrada=x           850788352, RGU Inverse square=x                1652
Time=12845, Entrada=x           378667008, RGU Inverse square=x                2460
Time=12965, Entrada=x           478019584, RGU Inverse square=x                2185
Time=13085, Entrada=x           508821504, RGU Inverse square=x                2130
Time=13205, Entrada=x           112197632, RGU Inverse square=x                4484
Time=13325, Entrada=x           822870016, RGU Inverse square=x                1662
Time=13445, Entrada=x           421265408, RGU Inverse square=x                2321
Time=13565, Entrada=x           624427008, RGU Inverse square=x                1929
Time=13685, Entrada=x           871628800, RGU Inverse square=x                1613
Time=13805, Entrada=x           944504832, RGU Inverse square=x                1564
Time=13925, Entrada=x           786825216, RGU Inverse square=x                1694
Time=14045, Entrada=x           692453376, RGU Inverse square=x                1816
Time=14165, Entrada=x           274595840, RGU Inverse square=x                2874
Time=14285, Entrada=x           627441664, RGU Inverse square=x                1921
Time=14405, Entrada=x           750649344, RGU Inverse square=x                1736
Time=14525, Entrada=x           445120512, RGU Inverse square=x                2277
Time=14645, Entrada=x          1005453312, RGU Inverse square=x                1527
Time=14765, Entrada=x           764805120, RGU Inverse square=x                1742
Time=14885, Entrada=x           902561792, RGU Inverse square=x                1608
