Time=775, Entrada=x           709361664, RGU Inverse square=x                1811
Time=945, Entrada=x          1023541248, RGU Inverse square=x                1509
Time=1115, Entrada=x           739377152, RGU Inverse square=x                1770
Time=1285, Entrada=x           751173632, RGU Inverse square=x                1769
Time=1455, Entrada=x           907673600, RGU Inverse square=x                1606
Time=1625, Entrada=x           857341952, RGU Inverse square=x                1641
Time=1795, Entrada=x           147456000, RGU Inverse square=x                3910
Time=1965, Entrada=x           606339072, RGU Inverse square=x                1929
Time=2135, Entrada=x           100794368, RGU Inverse square=x                4733
Time=2305, Entrada=x           437911552, RGU Inverse square=x                2290
Time=2475, Entrada=x           585891840, RGU Inverse square=x                1983
Time=2645, Entrada=x           444203008, RGU Inverse square=x                2271
Time=2815, Entrada=x           802816000, RGU Inverse square=x                1675
Time=2985, Entrada=x           790102016, RGU Inverse square=x                1715
Time=3155, Entrada=x           334626816, RGU Inverse square=x                2597
Time=3325, Entrada=x           160169984, RGU Inverse square=x                3760
Time=3495, Entrada=x           160038912, RGU Inverse square=x                3765
Time=3665, Entrada=x           626262016, RGU Inverse square=x                1905
Time=3835, Entrada=x           801767424, RGU Inverse square=x                1678
Time=4005, Entrada=x           619577344, RGU Inverse square=x                1935
Time=4175, Entrada=x           740556800, RGU Inverse square=x                1767
Time=4345, Entrada=x           924712960, RGU Inverse square=x                1563
Time=4515, Entrada=x           333709312, RGU Inverse square=x                2608
Time=4685, Entrada=x           765198336, RGU Inverse square=x                1719
Time=4855, Entrada=x           902823936, RGU Inverse square=x                1609
Time=5025, Entrada=x           495583232, RGU Inverse square=x                2155
Time=5195, Entrada=x           314048512, RGU Inverse square=x                2681
Time=5365, Entrada=x           293208064, RGU Inverse square=x                2791
Time=5535, Entrada=x           811204608, RGU Inverse square=x                1693
Time=5705, Entrada=x           214564864, RGU Inverse square=x                3243
Time=5875, Entrada=x            80084992, RGU Inverse square=x                5306
Time=6045, Entrada=x           236191744, RGU Inverse square=x                3099
Time=6215, Entrada=x            83886080, RGU Inverse square=x                5188
Time=6385, Entrada=x            37748736, RGU Inverse square=x                7723
Time=6555, Entrada=x           190054400, RGU Inverse square=x                3460
Time=6725, Entrada=x           423231488, RGU Inverse square=x                2327
Time=6895, Entrada=x          1026293760, RGU Inverse square=x                1503
Time=7065, Entrada=x           807796736, RGU Inverse square=x                1702
Time=7235, Entrada=x           807010304, RGU Inverse square=x                1705
Time=7405, Entrada=x           749076480, RGU Inverse square=x                1737
Time=7575, Entrada=x           987103232, RGU Inverse square=x                1528
Time=7745, Entrada=x           363462656, RGU Inverse square=x                2501
Time=7915, Entrada=x           335806464, RGU Inverse square=x                2602
Time=8085, Entrada=x          1029439488, RGU Inverse square=x                1496
Time=8255, Entrada=x           305790976, RGU Inverse square=x                2718
Time=8425, Entrada=x           631111680, RGU Inverse square=x                1916
Time=8595, Entrada=x           306577408, RGU Inverse square=x                2730
Time=8765, Entrada=x           169082880, RGU Inverse square=x                3657
Time=8935, Entrada=x           362020864, RGU Inverse square=x                2516
Time=9105, Entrada=x           410517504, RGU Inverse square=x                2349
Time=9275, Entrada=x          1004797952, RGU Inverse square=x                1533
Time=9445, Entrada=x            51642368, RGU Inverse square=x                6604
Time=9615, Entrada=x           646053888, RGU Inverse square=x                1869
Time=9785, Entrada=x           699400192, RGU Inverse square=x                1817
Time=9955, Entrada=x           653262848, RGU Inverse square=x                1873
Time=10125, Entrada=x           621936640, RGU Inverse square=x                1923
Time=10295, Entrada=x           467009536, RGU Inverse square=x                2219
Time=10465, Entrada=x           191627264, RGU Inverse square=x                3434
Time=10635, Entrada=x           864813056, RGU Inverse square=x                1620
Time=10805, Entrada=x           660340736, RGU Inverse square=x                1879
Time=10975, Entrada=x            91750400, RGU Inverse square=x                4965
Time=11145, Entrada=x           978583552, RGU Inverse square=x                1549
Time=11315, Entrada=x           873857024, RGU Inverse square=x                1644
Time=11485, Entrada=x          1021444096, RGU Inverse square=x                1513
Time=11655, Entrada=x            50987008, RGU Inverse square=x                6653
Time=11825, Entrada=x           714997760, RGU Inverse square=x                1790
Time=11995, Entrada=x             7733248, RGU Inverse square=x               17066
Time=12165, Entrada=x           645136384, RGU Inverse square=x                1873
Time=12335, Entrada=x           620494848, RGU Inverse square=x                1931
Time=12505, Entrada=x           371851264, RGU Inverse square=x                2484
Time=12675, Entrada=x           937558016, RGU Inverse square=x                1572
Time=12845, Entrada=x           397541376, RGU Inverse square=x                2399
Time=13015, Entrada=x           247726080, RGU Inverse square=x                3028
Time=13185, Entrada=x           915931136, RGU Inverse square=x                1585
Time=13355, Entrada=x           725483520, RGU Inverse square=x                1787
Time=13525, Entrada=x            52297728, RGU Inverse square=x                6567
Time=13695, Entrada=x           334495744, RGU Inverse square=x                2598
Time=13865, Entrada=x            23986176, RGU Inverse square=x                8271
Time=14035, Entrada=x           759037952, RGU Inverse square=x                1740
Time=14205, Entrada=x           683147264, RGU Inverse square=x                1846
Time=14375, Entrada=x            11927552, RGU Inverse square=x               13743
Time=14545, Entrada=x           789708800, RGU Inverse square=x                1717
Time=14715, Entrada=x           613548032, RGU Inverse square=x                1930
Time=14885, Entrada=x          1033895936, RGU Inverse square=x                1486
