Time=675, Entrada=x            38273024, RGU Inverse square=x                7616
Time=745, Entrada=x            84017152, RGU Inverse square=x                5076
Time=815, Entrada=x            68288512, RGU Inverse square=x                5752
Time=885, Entrada=x            80084992, RGU Inverse square=x                5245
Time=955, Entrada=x           102367232, RGU Inverse square=x                4698
Time=1025, Entrada=x            52035584, RGU Inverse square=x                5936
Time=1095, Entrada=x            13238272, RGU Inverse square=x               13045
Time=1165, Entrada=x            69468160, RGU Inverse square=x                5701
Time=1235, Entrada=x           100794368, RGU Inverse square=x                4735
Time=1305, Entrada=x            35258368, RGU Inverse square=x                7984
Time=1375, Entrada=x            49020928, RGU Inverse square=x                6304
Time=1445, Entrada=x            41549824, RGU Inverse square=x                7216
Time=1515, Entrada=x           131727360, RGU Inverse square=x                4011
Time=1585, Entrada=x           119013376, RGU Inverse square=x                4308
Time=1655, Entrada=x            66191360, RGU Inverse square=x                4208
Time=1725, Entrada=x            25952256, RGU Inverse square=x                4669
Time=1795, Entrada=x            25821184, RGU Inverse square=x                4670
Time=1865, Entrada=x            89391104, RGU Inverse square=x                4845
Time=1935, Entrada=x           130678784, RGU Inverse square=x                4035
Time=2005, Entrada=x            82706432, RGU Inverse square=x                5132
Time=2075, Entrada=x            69468160, RGU Inverse square=x                5701
Time=2145, Entrada=x           119406592, RGU Inverse square=x                4299
Time=2215, Entrada=x            65273856, RGU Inverse square=x                4320
Time=2285, Entrada=x            94109696, RGU Inverse square=x                4642
Time=2355, Entrada=x            97517568, RGU Inverse square=x                4496
Time=2425, Entrada=x            92930048, RGU Inverse square=x                4693
Time=2495, Entrada=x            45613056, RGU Inverse square=x                6720
Time=2565, Entrada=x            24772608, RGU Inverse square=x                4678
Time=2635, Entrada=x             5898240, RGU Inverse square=x               19541
Time=2705, Entrada=x            80347136, RGU Inverse square=x                5234
Time=2775, Entrada=x            80084992, RGU Inverse square=x                5245
Time=2845, Entrada=x           101974016, RGU Inverse square=x                4707
Time=2915, Entrada=x            83886080, RGU Inverse square=x                5082
Time=2985, Entrada=x            37748736, RGU Inverse square=x                7680
Time=3055, Entrada=x            55836672, RGU Inverse square=x                5472
Time=3125, Entrada=x            20578304, RGU Inverse square=x                4710
Time=3195, Entrada=x            86769664, RGU Inverse square=x                4958
Time=3265, Entrada=x             2490368, RGU Inverse square=x               30070
Time=3335, Entrada=x             1703936, RGU Inverse square=x               36352
Time=3405, Entrada=x            77987840, RGU Inverse square=x                5335
Time=3475, Entrada=x            47579136, RGU Inverse square=x                6480
Time=3545, Entrada=x            95027200, RGU Inverse square=x                4603
Time=3615, Entrada=x            67371008, RGU Inverse square=x                5792
Time=3685, Entrada=x            89915392, RGU Inverse square=x                4822
Time=3755, Entrada=x            37355520, RGU Inverse square=x                7728
Time=3825, Entrada=x            94240768, RGU Inverse square=x                4637
Time=3895, Entrada=x            38141952, RGU Inverse square=x                7632
Time=3965, Entrada=x            34865152, RGU Inverse square=x                8032
Time=4035, Entrada=x            93585408, RGU Inverse square=x                4665
Time=4105, Entrada=x             7864320, RGU Inverse square=x               16923
Time=4175, Entrada=x            65273856, RGU Inverse square=x                4320
Time=4245, Entrada=x            51642368, RGU Inverse square=x                5984
Time=4315, Entrada=x           109182976, RGU Inverse square=x                4538
Time=4385, Entrada=x            28311552, RGU Inverse square=x                4652
Time=4455, Entrada=x           116391936, RGU Inverse square=x                4370
Time=4525, Entrada=x            85065728, RGU Inverse square=x                5031
Time=4595, Entrada=x            64356352, RGU Inverse square=x                4432
Time=4665, Entrada=x            57409536, RGU Inverse square=x                5280
Time=4735, Entrada=x            59506688, RGU Inverse square=x                5024
Time=4805, Entrada=x           123469824, RGU Inverse square=x                4204
Time=4875, Entrada=x            91750400, RGU Inverse square=x                4744
Time=4945, Entrada=x            39059456, RGU Inverse square=x                7520
Time=5015, Entrada=x            68550656, RGU Inverse square=x                5741
Time=5085, Entrada=x            81920000, RGU Inverse square=x                5166
Time=5155, Entrada=x            50987008, RGU Inverse square=x                6064
Time=5225, Entrada=x            43909120, RGU Inverse square=x                6928
Time=5295, Entrada=x             7733248, RGU Inverse square=x               17066
Time=5365, Entrada=x           108265472, RGU Inverse square=x                4560
Time=5435, Entrada=x            83623936, RGU Inverse square=x                5093
Time=5505, Entrada=x           103415808, RGU Inverse square=x                4673
Time=5575, Entrada=x           132251648, RGU Inverse square=x                3999
Time=5645, Entrada=x           129105920, RGU Inverse square=x                4072
Time=5715, Entrada=x           113508352, RGU Inverse square=x                4437
Time=5785, Entrada=x           110624768, RGU Inverse square=x                4505
Time=5855, Entrada=x            54394880, RGU Inverse square=x                5648
Time=5925, Entrada=x            52297728, RGU Inverse square=x                5904
Time=5995, Entrada=x            66060288, RGU Inverse square=x                4224
Time=6065, Entrada=x            23986176, RGU Inverse square=x                4684
Time=6135, Entrada=x            87949312, RGU Inverse square=x                4907
Time=6205, Entrada=x            12058624, RGU Inverse square=x               13668
Time=6275, Entrada=x            11927552, RGU Inverse square=x               13741
Time=6345, Entrada=x           118620160, RGU Inverse square=x                4318
Time=6415, Entrada=x            76677120, RGU Inverse square=x                5392
Time=6485, Entrada=x            94371840, RGU Inverse square=x                4631
Time=6555, Entrada=x            28180480, RGU Inverse square=x                4653
Time=6625, Entrada=x            10616832, RGU Inverse square=x               14563
Time=6695, Entrada=x           120324096, RGU Inverse square=x                4278
Time=6765, Entrada=x           102236160, RGU Inverse square=x                4701
Time=6835, Entrada=x            92536832, RGU Inverse square=x                4710
Time=6905, Entrada=x            59768832, RGU Inverse square=x                4992
Time=6975, Entrada=x            82706432, RGU Inverse square=x                5132
Time=7045, Entrada=x            41549824, RGU Inverse square=x                7216
Time=7115, Entrada=x           103022592, RGU Inverse square=x                4683
Time=7185, Entrada=x            16515072, RGU Inverse square=x               11677
Time=7255, Entrada=x            47841280, RGU Inverse square=x                6448
Time=7325, Entrada=x           108134400, RGU Inverse square=x                4563
Time=7395, Entrada=x           104726528, RGU Inverse square=x                4643
Time=7465, Entrada=x            94765056, RGU Inverse square=x                4614
Time=7535, Entrada=x           118095872, RGU Inverse square=x                4330
Time=7605, Entrada=x            15728640, RGU Inverse square=x               11966
Time=7675, Entrada=x            45481984, RGU Inverse square=x                6736
Time=7745, Entrada=x           110231552, RGU Inverse square=x                4514
Time=7815, Entrada=x            75366400, RGU Inverse square=x                5448
Time=7885, Entrada=x           106168320, RGU Inverse square=x                4609
Time=7955, Entrada=x           112197632, RGU Inverse square=x                4468
Time=8025, Entrada=x            17563648, RGU Inverse square=x                4733
Time=8095, Entrada=x            18612224, RGU Inverse square=x                4725
Time=8165, Entrada=x            87556096, RGU Inverse square=x                4924
Time=8235, Entrada=x            66322432, RGU Inverse square=x                4192
Time=8305, Entrada=x             4980736, RGU Inverse square=x               21262
Time=8375, Entrada=x           115736576, RGU Inverse square=x                4385
Time=8445, Entrada=x            21364736, RGU Inverse square=x                4704
Time=8515, Entrada=x             6160384, RGU Inverse square=x               19120
Time=8585, Entrada=x            90570752, RGU Inverse square=x                4794
Time=8655, Entrada=x            79560704, RGU Inverse square=x                5268
Time=8725, Entrada=x            42467328, RGU Inverse square=x                7104
Time=8795, Entrada=x            65929216, RGU Inverse square=x                4240
Time=8865, Entrada=x            93716480, RGU Inverse square=x                4659
Time=8935, Entrada=x            97255424, RGU Inverse square=x                4507
Time=9005, Entrada=x           112459776, RGU Inverse square=x                4462
Time=9075, Entrada=x            38928384, RGU Inverse square=x                7536
Time=9145, Entrada=x            98172928, RGU Inverse square=x                4468
Time=9215, Entrada=x            28573696, RGU Inverse square=x                4650
Time=9285, Entrada=x            80347136, RGU Inverse square=x                5234
Time=9355, Entrada=x            90832896, RGU Inverse square=x                4783
Time=9425, Entrada=x            29229056, RGU Inverse square=x                4645
Time=9495, Entrada=x            49414144, RGU Inverse square=x                6256
Time=9565, Entrada=x           109576192, RGU Inverse square=x                4529
Time=9635, Entrada=x            27262976, RGU Inverse square=x                4660
Time=9705, Entrada=x           106168320, RGU Inverse square=x                4609
Time=9775, Entrada=x            55967744, RGU Inverse square=x                5456
Time=9845, Entrada=x           102498304, RGU Inverse square=x                4695
Time=9915, Entrada=x            62390272, RGU Inverse square=x                4672
Time=9985, Entrada=x            20185088, RGU Inverse square=x                4713
Time=10055, Entrada=x           100270080, RGU Inverse square=x                4377
Time=10125, Entrada=x            92667904, RGU Inverse square=x                4704
Time=10195, Entrada=x            44826624, RGU Inverse square=x                6816
Time=10265, Entrada=x            43778048, RGU Inverse square=x                6944
Time=10335, Entrada=x            80609280, RGU Inverse square=x                5222
Time=10405, Entrada=x             1310720, RGU Inverse square=x               41449
Time=10475, Entrada=x            57409536, RGU Inverse square=x                5280
Time=10545, Entrada=x            74448896, RGU Inverse square=x                5487
Time=10615, Entrada=x           116523008, RGU Inverse square=x                4367
Time=10685, Entrada=x            24117248, RGU Inverse square=x                4683
Time=10755, Entrada=x           120061952, RGU Inverse square=x                4284
Time=10825, Entrada=x            52822016, RGU Inverse square=x                5840
Time=10895, Entrada=x              524288, RGU Inverse square=x               65536
Time=10965, Entrada=x            78774272, RGU Inverse square=x                5301
Time=11035, Entrada=x            62259200, RGU Inverse square=x                4688
Time=11105, Entrada=x            77201408, RGU Inverse square=x                5369
Time=11175, Entrada=x           129105920, RGU Inverse square=x                4072
Time=11245, Entrada=x            81395712, RGU Inverse square=x                5189
Time=11315, Entrada=x            82575360, RGU Inverse square=x                5138
Time=11385, Entrada=x            60030976, RGU Inverse square=x                4960
Time=11455, Entrada=x            57409536, RGU Inverse square=x                5280
Time=11525, Entrada=x            53084160, RGU Inverse square=x                5808
Time=11595, Entrada=x            76283904, RGU Inverse square=x                5408
Time=11665, Entrada=x           101187584, RGU Inverse square=x                4725
Time=11735, Entrada=x            65929216, RGU Inverse square=x                4240
Time=11805, Entrada=x           114425856, RGU Inverse square=x                4416
Time=11875, Entrada=x            90701824, RGU Inverse square=x                4789
Time=11945, Entrada=x            51380224, RGU Inverse square=x                6016
Time=12015, Entrada=x            38797312, RGU Inverse square=x                7552
Time=12085, Entrada=x             5898240, RGU Inverse square=x               19541
Time=12155, Entrada=x            26083328, RGU Inverse square=x                4668
Time=12225, Entrada=x             6029312, RGU Inverse square=x               19326
Time=12295, Entrada=x             1048576, RGU Inverse square=x               46341
Time=12365, Entrada=x            37224448, RGU Inverse square=x                7744
Time=12435, Entrada=x           100270080, RGU Inverse square=x                4377
Time=12505, Entrada=x           106037248, RGU Inverse square=x                4612
Time=12575, Entrada=x             3670016, RGU Inverse square=x               24770
Time=12645, Entrada=x           118226944, RGU Inverse square=x                4327
Time=12715, Entrada=x            28573696, RGU Inverse square=x                4650
Time=12785, Entrada=x            75104256, RGU Inverse square=x                5459
Time=12855, Entrada=x           114032640, RGU Inverse square=x                4425
Time=12925, Entrada=x            14680064, RGU Inverse square=x               12386
Time=12995, Entrada=x            15073280, RGU Inverse square=x               12226
Time=13065, Entrada=x            57933824, RGU Inverse square=x                5216
Time=13135, Entrada=x           112984064, RGU Inverse square=x                4449
Time=13205, Entrada=x            66322432, RGU Inverse square=x                4192
Time=13275, Entrada=x            61472768, RGU Inverse square=x                4784
Time=13345, Entrada=x            70516736, RGU Inverse square=x                5656
Time=13415, Entrada=x            24248320, RGU Inverse square=x                4682
Time=13485, Entrada=x            40763392, RGU Inverse square=x                7312
Time=13555, Entrada=x           120324096, RGU Inverse square=x                4278
Time=13625, Entrada=x            58720256, RGU Inverse square=x                5120
Time=13695, Entrada=x           105644032, RGU Inverse square=x                4621
Time=13765, Entrada=x            90963968, RGU Inverse square=x                4777
Time=13835, Entrada=x           117047296, RGU Inverse square=x                4354
Time=13905, Entrada=x           129499136, RGU Inverse square=x                4063
Time=13975, Entrada=x           118226944, RGU Inverse square=x                4327
Time=14045, Entrada=x           116391936, RGU Inverse square=x                4370
Time=14115, Entrada=x           117178368, RGU Inverse square=x                4351
Time=14185, Entrada=x            28704768, RGU Inverse square=x                4649
Time=14255, Entrada=x            94240768, RGU Inverse square=x                4637
Time=14325, Entrada=x           116523008, RGU Inverse square=x                4367
Time=14395, Entrada=x            32768000, RGU Inverse square=x                4618
Time=14465, Entrada=x            79822848, RGU Inverse square=x                5256
Time=14535, Entrada=x            36569088, RGU Inverse square=x                7824
Time=14605, Entrada=x            21102592, RGU Inverse square=x                4706
Time=14675, Entrada=x            51118080, RGU Inverse square=x                6048
Time=14745, Entrada=x            77594624, RGU Inverse square=x                5352
Time=14815, Entrada=x            65667072, RGU Inverse square=x                4272
Time=14885, Entrada=x             6946816, RGU Inverse square=x               18004
Time=14955, Entrada=x            72482816, RGU Inverse square=x                5572
