Time=675, Entrada=x          1783103488, RGU Inverse square=x                1162
Time=745, Entrada=x          3171024896, RGU Inverse square=x                 876
Time=815, Entrada=x          2886860800, RGU Inverse square=x                 953
Time=885, Entrada=x          2898657280, RGU Inverse square=x                 952
Time=955, Entrada=x          4128899072, RGU Inverse square=x                 752
Time=1025, Entrada=x           857341952, RGU Inverse square=x                1639
Time=1095, Entrada=x           147456000, RGU Inverse square=x                3894
Time=1165, Entrada=x          2753822720, RGU Inverse square=x                 921
Time=1235, Entrada=x          3322019840, RGU Inverse square=x                 836
Time=1305, Entrada=x          2585395200, RGU Inverse square=x                 978
Time=1375, Entrada=x          3807117312, RGU Inverse square=x                 813
Time=1445, Entrada=x          2591686656, RGU Inverse square=x                 977
Time=1515, Entrada=x          2950299648, RGU Inverse square=x                 940
Time=1585, Entrada=x          4011327488, RGU Inverse square=x                 774
Time=1655, Entrada=x          3555852288, RGU Inverse square=x                 867
Time=1725, Entrada=x          1233911808, RGU Inverse square=x                1361
Time=1795, Entrada=x           160038912, RGU Inverse square=x                3702
Time=1865, Entrada=x          2773745664, RGU Inverse square=x                 918
Time=1935, Entrada=x          4022992896, RGU Inverse square=x                 773
Time=2005, Entrada=x          3840802816, RGU Inverse square=x                 807
Time=2075, Entrada=x          2888040448, RGU Inverse square=x                 953
Time=2145, Entrada=x          3072196608, RGU Inverse square=x                 903
Time=2215, Entrada=x          3554934784, RGU Inverse square=x                 867
Time=2285, Entrada=x           765198336, RGU Inverse square=x                1724
Time=2355, Entrada=x          4124049408, RGU Inverse square=x                 755
Time=2425, Entrada=x          2643066880, RGU Inverse square=x                 962
Time=2495, Entrada=x          2461532160, RGU Inverse square=x                 956
Time=2565, Entrada=x          1366949888, RGU Inverse square=x                1324
Time=2635, Entrada=x          2958688256, RGU Inverse square=x                 933
Time=2705, Entrada=x          1288306688, RGU Inverse square=x                1344
Time=2775, Entrada=x          3301310464, RGU Inverse square=x                 843
Time=2845, Entrada=x           236191744, RGU Inverse square=x                3090
Time=2915, Entrada=x          1157627904, RGU Inverse square=x                1396
Time=2985, Entrada=x          1111490560, RGU Inverse square=x                1447
Time=3055, Entrada=x          2337538048, RGU Inverse square=x                1009
Time=3125, Entrada=x          2570715136, RGU Inverse square=x                 986
Time=3195, Entrada=x          2100035584, RGU Inverse square=x                1051
Time=3265, Entrada=x          1881538560, RGU Inverse square=x                1101
Time=3335, Entrada=x          1880752128, RGU Inverse square=x                1102
Time=3405, Entrada=x          2896560128, RGU Inverse square=x                 952
Time=3475, Entrada=x          3134586880, RGU Inverse square=x                 886
Time=3545, Entrada=x          1437204480, RGU Inverse square=x                1261
Time=3615, Entrada=x          2483290112, RGU Inverse square=x                1015
Time=3685, Entrada=x          2103181312, RGU Inverse square=x                1050
Time=3755, Entrada=x          3527016448, RGU Inverse square=x                 870
Time=3825, Entrada=x          3852337152, RGU Inverse square=x                 806
Time=3895, Entrada=x          2454061056, RGU Inverse square=x                 958
Time=3965, Entrada=x          3390308352, RGU Inverse square=x                 820
Time=4035, Entrada=x           362020864, RGU Inverse square=x                2493
Time=4105, Entrada=x          2558001152, RGU Inverse square=x                 989
Time=4175, Entrada=x          2078539776, RGU Inverse square=x                1064
Time=4245, Entrada=x          3272867840, RGU Inverse square=x                 850
Time=4315, Entrada=x          1719795712, RGU Inverse square=x                1146
Time=4385, Entrada=x          1773142016, RGU Inverse square=x                1176
Time=4455, Entrada=x          3874488320, RGU Inverse square=x                 800
Time=4525, Entrada=x           621936640, RGU Inverse square=x                1916
Time=4595, Entrada=x           467009536, RGU Inverse square=x                2203
Time=4665, Entrada=x          3412852736, RGU Inverse square=x                 817
Time=4735, Entrada=x          4086038528, RGU Inverse square=x                 762
Time=4805, Entrada=x           660340736, RGU Inverse square=x                1879
Time=4875, Entrada=x            91750400, RGU Inverse square=x                4744
Time=4945, Entrada=x          3126067200, RGU Inverse square=x                 887
Time=5015, Entrada=x           873857024, RGU Inverse square=x                1632
Time=5085, Entrada=x          2095185920, RGU Inverse square=x                1052
Time=5155, Entrada=x          2198470656, RGU Inverse square=x                1068
Time=5225, Entrada=x          2862481408, RGU Inverse square=x                 888
Time=5295, Entrada=x          3228958720, RGU Inverse square=x                 861
Time=5365, Entrada=x          1718878208, RGU Inverse square=x                1146
Time=5435, Entrada=x          1694236672, RGU Inverse square=x                1166
Time=5505, Entrada=x          2519334912, RGU Inverse square=x                1001
Time=5575, Entrada=x           937558016, RGU Inverse square=x                1589
Time=5645, Entrada=x          2545025024, RGU Inverse square=x                 997
Time=5715, Entrada=x           247726080, RGU Inverse square=x                3014
Time=5785, Entrada=x          4137156608, RGU Inverse square=x                 751
Time=5855, Entrada=x          2872967168, RGU Inverse square=x                 886
Time=5925, Entrada=x          1126039552, RGU Inverse square=x                1438
Time=5995, Entrada=x          1408237568, RGU Inverse square=x                1289
Time=6065, Entrada=x          3245211648, RGU Inverse square=x                 859
Time=6135, Entrada=x          2906521600, RGU Inverse square=x                 951
Time=6205, Entrada=x           683147264, RGU Inverse square=x                1836
Time=6275, Entrada=x          2159411200, RGU Inverse square=x                1021
Time=6345, Entrada=x          1863450624, RGU Inverse square=x                1117
Time=6415, Entrada=x          1687289856, RGU Inverse square=x                1168
Time=6485, Entrada=x          2107637760, RGU Inverse square=x                1049
Time=6555, Entrada=x          2175664128, RGU Inverse square=x                1017
Time=6625, Entrada=x          4171366400, RGU Inverse square=x                 745
Time=6695, Entrada=x          1596719104, RGU Inverse square=x                1236
Time=6765, Entrada=x          4262985728, RGU Inverse square=x                 728
Time=6835, Entrada=x          2642673664, RGU Inverse square=x                 962
Time=6905, Entrada=x          3683647488, RGU Inverse square=x                 839
Time=6975, Entrada=x          3035496448, RGU Inverse square=x                 913
Time=7045, Entrada=x          3665428480, RGU Inverse square=x                 841
Time=7115, Entrada=x          3055812608, RGU Inverse square=x                 905
Time=7185, Entrada=x            16515072, RGU Inverse square=x               11677
Time=7255, Entrada=x            47841280, RGU Inverse square=x                6448
Time=7325, Entrada=x          3463577600, RGU Inverse square=x                 885
Time=7395, Entrada=x           507379712, RGU Inverse square=x                2110
Time=7465, Entrada=x          3987079168, RGU Inverse square=x                 781
Time=7535, Entrada=x          1594490880, RGU Inverse square=x                1236
Time=7605, Entrada=x           284164096, RGU Inverse square=x                2835
Time=7675, Entrada=x          2998272000, RGU Inverse square=x                 923
Time=7745, Entrada=x          2526150656, RGU Inverse square=x                1000
Time=7815, Entrada=x          1551761408, RGU Inverse square=x                1210
Time=7885, Entrada=x          1582563328, RGU Inverse square=x                1241
Time=7955, Entrada=x          3333423104, RGU Inverse square=x                 835
Time=8025, Entrada=x          1896611840, RGU Inverse square=x                1097
Time=8095, Entrada=x           421265408, RGU Inverse square=x                2328
Time=8165, Entrada=x          3845652480, RGU Inverse square=x                 807
Time=8235, Entrada=x           871628800, RGU Inverse square=x                1625
Time=8305, Entrada=x          2018246656, RGU Inverse square=x                1088
Time=8375, Entrada=x           786825216, RGU Inverse square=x                1701
Time=8445, Entrada=x          1766195200, RGU Inverse square=x                1178
Time=8515, Entrada=x          1348337664, RGU Inverse square=x                1332
Time=8585, Entrada=x           627441664, RGU Inverse square=x                1908
Time=8655, Entrada=x          2898132992, RGU Inverse square=x                 952
Time=8725, Entrada=x           445120512, RGU Inverse square=x                2260
Time=8795, Entrada=x          4226678784, RGU Inverse square=x                 737
Time=8865, Entrada=x          1838546944, RGU Inverse square=x                1134
Time=8935, Entrada=x           902561792, RGU Inverse square=x                1607
Time=9005, Entrada=x          3065249792, RGU Inverse square=x                 904
Time=9075, Entrada=x          2186412032, RGU Inverse square=x                1071
Time=9145, Entrada=x          3319398400, RGU Inverse square=x                 841
Time=9215, Entrada=x          3652452352, RGU Inverse square=x                 846
Time=9285, Entrada=x          1825177600, RGU Inverse square=x                1138
Time=9355, Entrada=x          3312058368, RGU Inverse square=x                 841
Time=9425, Entrada=x           700317696, RGU Inverse square=x                1813
Time=9495, Entrada=x           854720512, RGU Inverse square=x                1642
Time=9565, Entrada=x          4270325760, RGU Inverse square=x                 728
Time=9635, Entrada=x           429916160, RGU Inverse square=x                2303
Time=9705, Entrada=x           374603776, RGU Inverse square=x                2465
Time=9775, Entrada=x          1532362752, RGU Inverse square=x                1232
Time=9845, Entrada=x          2652635136, RGU Inverse square=x                 954
Time=9915, Entrada=x          1538785280, RGU Inverse square=x                1229
Time=9985, Entrada=x          2033451008, RGU Inverse square=x                1085
Time=10055, Entrada=x          3858366464, RGU Inverse square=x                 805
Time=10125, Entrada=x            92667904, RGU Inverse square=x                4704
Time=10195, Entrada=x          3668705280, RGU Inverse square=x                 841
Time=10265, Entrada=x          3533438976, RGU Inverse square=x                 869
Time=10335, Entrada=x          3972923392, RGU Inverse square=x                 782
Time=10405, Entrada=x          1746141184, RGU Inverse square=x                1184
Time=10475, Entrada=x          1936457728, RGU Inverse square=x                1138
Time=10545, Entrada=x           342884352, RGU Inverse square=x                2566
Time=10615, Entrada=x           250740736, RGU Inverse square=x                2994
Time=10685, Entrada=x          2305818624, RGU Inverse square=x                1023
Time=10755, Entrada=x          2133327872, RGU Inverse square=x                1035
Time=10825, Entrada=x          3139829760, RGU Inverse square=x                 885
Time=10895, Entrada=x          1476919296, RGU Inverse square=x                1267
Time=10965, Entrada=x          2494693376, RGU Inverse square=x                1013
Time=11035, Entrada=x          3551920128, RGU Inverse square=x                 868
Time=11105, Entrada=x          3164209152, RGU Inverse square=x                 877
Time=11175, Entrada=x          1873936384, RGU Inverse square=x                1114
Time=11245, Entrada=x          1289355264, RGU Inverse square=x                1344
Time=11315, Entrada=x          3303800832, RGU Inverse square=x                 842
Time=11385, Entrada=x          2475950080, RGU Inverse square=x                 953
Time=11455, Entrada=x          1533804544, RGU Inverse square=x                1231
Time=11525, Entrada=x          3811180544, RGU Inverse square=x                 813
Time=11595, Entrada=x           881590272, RGU Inverse square=x                1626
Time=11665, Entrada=x           906493952, RGU Inverse square=x                1615
Time=11735, Entrada=x          3287154688, RGU Inverse square=x                 848
Time=11805, Entrada=x           248643584, RGU Inverse square=x                3008
Time=11875, Entrada=x          1969750016, RGU Inverse square=x                1119
Time=11945, Entrada=x           454033408, RGU Inverse square=x                2237
Time=12015, Entrada=x          2991587328, RGU Inverse square=x                 924
Time=12085, Entrada=x           140115968, RGU Inverse square=x                4006
Time=12155, Entrada=x          1636696064, RGU Inverse square=x                1209
Time=12225, Entrada=x           945553408, RGU Inverse square=x                1555
Time=12295, Entrada=x          3356491776, RGU Inverse square=x                 828
Time=12365, Entrada=x          2318925824, RGU Inverse square=x                1013
Time=12435, Entrada=x          1308229632, RGU Inverse square=x                1334
Time=12505, Entrada=x           240254976, RGU Inverse square=x                3063
Time=12575, Entrada=x           540540928, RGU Inverse square=x                2041
Time=12645, Entrada=x          3473670144, RGU Inverse square=x                 884
Time=12715, Entrada=x           297009152, RGU Inverse square=x                2766
Time=12785, Entrada=x          2356805632, RGU Inverse square=x                 998
Time=12855, Entrada=x          1321992192, RGU Inverse square=x                1310
Time=12925, Entrada=x          2296381440, RGU Inverse square=x                1024
Time=12995, Entrada=x           149291008, RGU Inverse square=x                3866
Time=13065, Entrada=x           863240192, RGU Inverse square=x                1633
Time=13135, Entrada=x          1723596800, RGU Inverse square=x                1145
Time=13205, Entrada=x          4092854272, RGU Inverse square=x                 761
Time=13275, Entrada=x           195690496, RGU Inverse square=x                3366
Time=13345, Entrada=x          3962830848, RGU Inverse square=x                 783
Time=13415, Entrada=x            24248320, RGU Inverse square=x                4682
Time=13485, Entrada=x          3261988864, RGU Inverse square=x                 852
Time=13555, Entrada=x          1865154560, RGU Inverse square=x                1116
Time=13625, Entrada=x          1132462080, RGU Inverse square=x                1434
Time=13695, Entrada=x          1045168128, RGU Inverse square=x                1490
Time=13765, Entrada=x           896270336, RGU Inverse square=x                1613
Time=13835, Entrada=x           117047296, RGU Inverse square=x                4354
Time=13905, Entrada=x           532152320, RGU Inverse square=x                2058
Time=13975, Entrada=x          2936799232, RGU Inverse square=x                 941
Time=14045, Entrada=x          4277141504, RGU Inverse square=x                 727
Time=14115, Entrada=x           922484736, RGU Inverse square=x                1602
Time=14185, Entrada=x            28704768, RGU Inverse square=x                4649
Time=14255, Entrada=x          1839071232, RGU Inverse square=x                1134
Time=14325, Entrada=x          1458700288, RGU Inverse square=x                1290
Time=14395, Entrada=x          3388211200, RGU Inverse square=x                 824
Time=14465, Entrada=x          3703701504, RGU Inverse square=x                 834
Time=14535, Entrada=x           305004544, RGU Inverse square=x                2737
Time=14605, Entrada=x          4047634432, RGU Inverse square=x                 768
Time=14675, Entrada=x           587988992, RGU Inverse square=x                1959
Time=14745, Entrada=x           748683264, RGU Inverse square=x                1743
Time=14815, Entrada=x          3018457088, RGU Inverse square=x                 920
Time=14885, Entrada=x           275382272, RGU Inverse square=x                2881
Time=14955, Entrada=x           340918272, RGU Inverse square=x                2574
