Time=725, Entrada=x          1783103488, RGU Inverse square=x                1139
Time=845, Entrada=x          3171024896, RGU Inverse square=x                 909
Time=965, Entrada=x          2886860800, RGU Inverse square=x                 949
Time=1085, Entrada=x          2898657280, RGU Inverse square=x                 946
Time=1205, Entrada=x          4128899072, RGU Inverse square=x                 766
Time=1325, Entrada=x           857341952, RGU Inverse square=x                1640
Time=1445, Entrada=x           147456000, RGU Inverse square=x                3919
Time=1565, Entrada=x          2753822720, RGU Inverse square=x                 938
Time=1685, Entrada=x          3322019840, RGU Inverse square=x                 849
Time=1805, Entrada=x          2585395200, RGU Inverse square=x                 951
Time=1925, Entrada=x          3807117312, RGU Inverse square=x                 769
Time=2045, Entrada=x          2591686656, RGU Inverse square=x                 949
Time=2165, Entrada=x          2950299648, RGU Inverse square=x                 925
Time=2285, Entrada=x          4011327488, RGU Inverse square=x                 799
Time=2405, Entrada=x          3555852288, RGU Inverse square=x                 851
Time=2525, Entrada=x          1233911808, RGU Inverse square=x                1357
Time=2645, Entrada=x           160038912, RGU Inverse square=x                3759
Time=2765, Entrada=x          2773745664, RGU Inverse square=x                 932
Time=2885, Entrada=x          4022992896, RGU Inverse square=x                 797
Time=3005, Entrada=x          3840802816, RGU Inverse square=x                 849
Time=3125, Entrada=x          2888040448, RGU Inverse square=x                 948
Time=3245, Entrada=x          3072196608, RGU Inverse square=x                 870
Time=3365, Entrada=x          3554934784, RGU Inverse square=x                 851
Time=3485, Entrada=x           765198336, RGU Inverse square=x                1741
Time=3605, Entrada=x          4124049408, RGU Inverse square=x                 770
Time=3725, Entrada=x          2643066880, RGU Inverse square=x                 924
Time=3845, Entrada=x          2461532160, RGU Inverse square=x                1023
Time=3965, Entrada=x          1366949888, RGU Inverse square=x                1301
Time=4085, Entrada=x          2958688256, RGU Inverse square=x                 917
Time=4205, Entrada=x          1288306688, RGU Inverse square=x                1360
Time=4325, Entrada=x          3301310464, RGU Inverse square=x                 859
Time=4445, Entrada=x           236191744, RGU Inverse square=x                3105
Time=4565, Entrada=x          1157627904, RGU Inverse square=x                1435
Time=4685, Entrada=x          1111490560, RGU Inverse square=x                1468
Time=4805, Entrada=x          2337538048, RGU Inverse square=x                1032
Time=4925, Entrada=x          2570715136, RGU Inverse square=x                 962
Time=5045, Entrada=x          2100035584, RGU Inverse square=x                1062
Time=5165, Entrada=x          1881538560, RGU Inverse square=x                1108
Time=5285, Entrada=x          1880752128, RGU Inverse square=x                1110
Time=5405, Entrada=x          2896560128, RGU Inverse square=x                 946
Time=5525, Entrada=x          3134586880, RGU Inverse square=x                 924
Time=5645, Entrada=x          1437204480, RGU Inverse square=x                1258
Time=5765, Entrada=x          2483290112, RGU Inverse square=x                1008
Time=5885, Entrada=x          2103181312, RGU Inverse square=x                1060
Time=6005, Entrada=x          3527016448, RGU Inverse square=x                 858
Time=6125, Entrada=x          3852337152, RGU Inverse square=x                 847
Time=6245, Entrada=x          2454061056, RGU Inverse square=x                 958
Time=6365, Entrada=x          3390308352, RGU Inverse square=x                 825
Time=6485, Entrada=x           362020864, RGU Inverse square=x                2504
Time=6605, Entrada=x          2558001152, RGU Inverse square=x                 968
Time=6725, Entrada=x          2078539776, RGU Inverse square=x                1081
Time=6845, Entrada=x          3272867840, RGU Inverse square=x                 870
Time=6965, Entrada=x          1719795712, RGU Inverse square=x                1145
Time=7085, Entrada=x          1773142016, RGU Inverse square=x                1157
Time=7205, Entrada=x          3874488320, RGU Inverse square=x                 839
Time=7325, Entrada=x           621936640, RGU Inverse square=x                1902
Time=7445, Entrada=x           467009536, RGU Inverse square=x                2196
Time=7565, Entrada=x          3412852736, RGU Inverse square=x                 819
Time=7685, Entrada=x          4086038528, RGU Inverse square=x                 780
Time=7805, Entrada=x           660340736, RGU Inverse square=x                1879
Time=7925, Entrada=x            91750400, RGU Inverse square=x                4949
Time=8045, Entrada=x          3126067200, RGU Inverse square=x                 846
Time=8165, Entrada=x           873857024, RGU Inverse square=x                1617
Time=8285, Entrada=x          2095185920, RGU Inverse square=x                1064
Time=8405, Entrada=x          2198470656, RGU Inverse square=x                1055
Time=8525, Entrada=x          2862481408, RGU Inverse square=x                 888
Time=8645, Entrada=x          3228958720, RGU Inverse square=x                 886
Time=8765, Entrada=x          1718878208, RGU Inverse square=x                1145
Time=8885, Entrada=x          1694236672, RGU Inverse square=x                1174
Time=9005, Entrada=x          2519334912, RGU Inverse square=x                 987
Time=9125, Entrada=x           937558016, RGU Inverse square=x                1559
Time=9245, Entrada=x          2545025024, RGU Inverse square=x                 978
Time=9365, Entrada=x           247726080, RGU Inverse square=x                3021
Time=9485, Entrada=x          4137156608, RGU Inverse square=x                 764
Time=9605, Entrada=x          2872967168, RGU Inverse square=x                 958
Time=9725, Entrada=x          1126039552, RGU Inverse square=x                1450
Time=9845, Entrada=x          1408237568, RGU Inverse square=x                1299
Time=9965, Entrada=x          3245211648, RGU Inverse square=x                 882
Time=10085, Entrada=x          2906521600, RGU Inverse square=x                 943
Time=10205, Entrada=x           683147264, RGU Inverse square=x                1841
Time=10325, Entrada=x          2159411200, RGU Inverse square=x                1082
Time=10445, Entrada=x          1863450624, RGU Inverse square=x                1130
Time=10565, Entrada=x          1687289856, RGU Inverse square=x                1178
Time=10685, Entrada=x          2107637760, RGU Inverse square=x                1058
Time=10805, Entrada=x          2175664128, RGU Inverse square=x                1074
Time=10925, Entrada=x          4171366400, RGU Inverse square=x                 755
Time=11045, Entrada=x          1596719104, RGU Inverse square=x                1222
Time=11165, Entrada=x          4262985728, RGU Inverse square=x                 730
Time=11285, Entrada=x          2642673664, RGU Inverse square=x                 925
Time=11405, Entrada=x          3683647488, RGU Inverse square=x                 808
Time=11525, Entrada=x          3035496448, RGU Inverse square=x                 885
Time=11645, Entrada=x          3665428480, RGU Inverse square=x                 812
Time=11765, Entrada=x          3055812608, RGU Inverse square=x                 874
Time=11885, Entrada=x            16515072, RGU Inverse square=x               11678
Time=12005, Entrada=x            47841280, RGU Inverse square=x                6825
Time=12125, Entrada=x          3463577600, RGU Inverse square=x                 881
Time=12245, Entrada=x           507379712, RGU Inverse square=x                2136
Time=12365, Entrada=x          3987079168, RGU Inverse square=x                 808
Time=12485, Entrada=x          1594490880, RGU Inverse square=x                1223
Time=12605, Entrada=x           284164096, RGU Inverse square=x                2822
Time=12725, Entrada=x          2998272000, RGU Inverse square=x                 901
Time=12845, Entrada=x          2526150656, RGU Inverse square=x                 985
Time=12965, Entrada=x          1551761408, RGU Inverse square=x                1213
Time=13085, Entrada=x          1582563328, RGU Inverse square=x                1232
Time=13205, Entrada=x          3333423104, RGU Inverse square=x                 847
Time=13325, Entrada=x          1896611840, RGU Inverse square=x                1100
Time=13445, Entrada=x           421265408, RGU Inverse square=x                2321
Time=13565, Entrada=x          3845652480, RGU Inverse square=x                 849
Time=13685, Entrada=x           871628800, RGU Inverse square=x                1613
Time=13805, Entrada=x          2018246656, RGU Inverse square=x                1056
Time=13925, Entrada=x           786825216, RGU Inverse square=x                1694
Time=14045, Entrada=x          1766195200, RGU Inverse square=x                1161
Time=14165, Entrada=x          1348337664, RGU Inverse square=x                1318
Time=14285, Entrada=x           627441664, RGU Inverse square=x                1921
Time=14405, Entrada=x          2898132992, RGU Inverse square=x                 946
Time=14525, Entrada=x           445120512, RGU Inverse square=x                2277
Time=14645, Entrada=x          4226678784, RGU Inverse square=x                 742
Time=14765, Entrada=x          1838546944, RGU Inverse square=x                1154
Time=14885, Entrada=x           902561792, RGU Inverse square=x                1608
